Using pre-set license
Built from '2020.3/staging' branch; Version is '2020.3.23f1 (c5d91304a876) revision 12966163'; Using compiler version '192528614'; Build Type 'Release'
OS: 'Windows 10 Pro; OS build 18362.1256; Version 1903; 64bit' Language: 'ko' Physical Memory: 16075 MB
BatchMode: 1, IsHumanControllingUs: 0, StartBugReporterOnCrash: 0, Is64bit: 1, IsPro: 0

COMMAND LINE ARGUMENTS:
C:\Program Files\Unity\Hub\Editor\2020.3.23f1\Editor\Unity.exe
-adb2
-batchMode
-noUpm
-name
AssetImportWorker0
-projectPath
C:/Users/SGA/Documents/GitHub/unity3d/3DPort
-logFile
Logs/AssetImportWorker0.log
-srvPort
54939
Successfully changed project path to: C:/Users/SGA/Documents/GitHub/unity3d/3DPort
C:/Users/SGA/Documents/GitHub/unity3d/3DPort
Using Asset Import Pipeline V2.
Refreshing native plugins compatible for Editor in 82.68 ms, found 2 plugins.
Preloading 0 native plugins for Editor in 0.00 ms.
Initialize engine version: 2020.3.23f1 (c5d91304a876)
[Subsystems] Discovering subsystems at path C:/Program Files/Unity/Hub/Editor/2020.3.23f1/Editor/Data/Resources/UnitySubsystems
[Subsystems] Discovering subsystems at path C:/Users/SGA/Documents/GitHub/unity3d/3DPort/Assets
GfxDevice: creating device client; threaded=0
Direct3D:
    Version:  Direct3D 11.0 [level 11.1]
    Renderer: Intel(R) HD Graphics 630 (ID=0x5912)
    Vendor:   
    VRAM:     8037 MB
    Driver:   26.20.100.7323
Shader 'WFX/Transparent Specular': fallback shader 'Particles/Alpha Blended' not found
Shader 'WFX/Transparent Diffuse': fallback shader 'Particles/Alpha Blended' not found
Initialize mono
Mono path[0] = 'C:/Program Files/Unity/Hub/Editor/2020.3.23f1/Editor/Data/Managed'
Mono path[1] = 'C:/Program Files/Unity/Hub/Editor/2020.3.23f1/Editor/Data/MonoBleedingEdge/lib/mono/unityjit'
Mono config path = 'C:/Program Files/Unity/Hub/Editor/2020.3.23f1/Editor/Data/MonoBleedingEdge/etc'
Using monoOptions --debugger-agent=transport=dt_socket,embedding=1,server=y,suspend=n,address=127.0.0.1:56500
Begin MonoManager ReloadAssembly
Registering precompiled unity dll's ...
Register platform support module: C:/Program Files/Unity/Hub/Editor/2020.3.23f1/Editor/Data/PlaybackEngines/WindowsStandaloneSupport/UnityEditor.WindowsStandalone.Extensions.dll
Registered in 0.004236 seconds.
Native extension for WindowsStandalone target not found
Refreshing native plugins compatible for Editor in 48.15 ms, found 2 plugins.
Preloading 0 native plugins for Editor in 0.00 ms.
Mono: successfully reloaded assembly
- Completed reload, in  0.630 seconds
Domain Reload Profiling:
	ReloadAssembly (630ms)
		BeginReloadAssembly (53ms)
			ExecutionOrderSort (0ms)
			DisableScriptedObjects (0ms)
			BackupInstance (0ms)
			ReleaseScriptingObjects (0ms)
			CreateAndSetChildDomain (1ms)
		EndReloadAssembly (489ms)
			LoadAssemblies (50ms)
			RebuildTransferFunctionScriptingTraits (0ms)
			SetupTypeCache (162ms)
			ReleaseScriptCaches (0ms)
			RebuildScriptCaches (33ms)
			SetupLoadedEditorAssemblies (184ms)
				LogAssemblyErrors (0ms)
				InitializePlatformSupportModulesInManaged (5ms)
				SetLoadedEditorAssemblies (1ms)
				RefreshPlugins (48ms)
				BeforeProcessingInitializeOnLoad (18ms)
				ProcessInitializeOnLoadAttributes (84ms)
				ProcessInitializeOnLoadMethodAttributes (29ms)
				AfterProcessingInitializeOnLoad (0ms)
				EditorAssembliesLoaded (0ms)
			ExecutionOrderSort2 (0ms)
			AwakeInstancesAfterBackupRestoration (0ms)
Platform modules already initialized, skipping
Registering precompiled user dll's ...
Registered in 0.005108 seconds.
Begin MonoManager ReloadAssembly
Native extension for WindowsStandalone target not found
Refreshing native plugins compatible for Editor in 0.48 ms, found 2 plugins.
Preloading 0 native plugins for Editor in 0.00 ms.
Mono: successfully reloaded assembly
- Completed reload, in  1.067 seconds
Domain Reload Profiling:
	ReloadAssembly (1068ms)
		BeginReloadAssembly (150ms)
			ExecutionOrderSort (0ms)
			DisableScriptedObjects (5ms)
			BackupInstance (0ms)
			ReleaseScriptingObjects (0ms)
			CreateAndSetChildDomain (19ms)
		EndReloadAssembly (850ms)
			LoadAssemblies (88ms)
			RebuildTransferFunctionScriptingTraits (0ms)
			SetupTypeCache (303ms)
			ReleaseScriptCaches (0ms)
			RebuildScriptCaches (45ms)
			SetupLoadedEditorAssemblies (309ms)
				LogAssemblyErrors (0ms)
				InitializePlatformSupportModulesInManaged (4ms)
				SetLoadedEditorAssemblies (0ms)
				RefreshPlugins (1ms)
				BeforeProcessingInitializeOnLoad (78ms)
				ProcessInitializeOnLoadAttributes (208ms)
				ProcessInitializeOnLoadMethodAttributes (11ms)
				AfterProcessingInitializeOnLoad (6ms)
				EditorAssembliesLoaded (0ms)
			ExecutionOrderSort2 (0ms)
			AwakeInstancesAfterBackupRestoration (13ms)
Platform modules already initialized, skipping
========================================================================
Worker process is ready to serve import requests
Shader 'WFX/Transparent Specular': fallback shader 'Particles/Alpha Blended' not found
Shader 'WFX/Transparent Diffuse': fallback shader 'Particles/Alpha Blended' not found
Launched and connected shader compiler UnityShaderCompiler.exe after 0.07 seconds
Refreshing native plugins compatible for Editor in 0.44 ms, found 2 plugins.
Preloading 0 native plugins for Editor in 0.00 ms.
Unloading 1556 Unused Serialized files (Serialized files now loaded: 0)
System memory in use before: 92.2 MB.
System memory in use after: 92.3 MB.

Unloading 19 unused Assets to reduce memory usage. Loaded Objects now: 2018.
Total: 2.982100 ms (FindLiveObjects: 0.156900 ms CreateObjectMapping: 0.059600 ms MarkObjects: 2.633900 ms  DeleteObjects: 0.130500 ms)

AssetImportParameters requested are different than current active one (requested -> active):
  custom:framework-win-MediaFoundation: 216162199b28c13a410421893ffa2e32 -> 
  custom:video-decoder-ogg-theora: a1e56fd34408186e4bbccfd4996cb3dc -> 
  custom:container-muxer-webm: aa71ff27fc2769a1b78a27578f13a17b -> 
  custom:container-demuxer-webm: 4f35f7cbe854078d1ac9338744f61a02 -> 
  custom:container-demuxer-ogg: 62fdf1f143b41e24485cea50d1cbac27 -> 
  custom:video-encoder-webm-vp8: eb34c28f22e8b96e1ab97ce403110664 -> 
  custom:video-decoder-webm-vp8: 9c59270c3fd7afecdb556c50c9e8de78 -> 
  custom:audio-decoder-ogg-vorbis: bf7c407c2cedff20999df2af8eb42d56 -> 
  custom:audio-encoder-webm-vorbis: bf7c407c2cedff20999df2af8eb42d56 -> 
========================================================================
Received Import Request.
  path: Assets/Resources/52SpecialEffectPack/Effect/Effect(Shuriken)/ElementalBall2.prefab
  artifactKey: Guid(4231a198856fde244852dd542a0b0cf2) Importer(815301076,1909f56bfc062723c751e8b465ee728b)
Start importing Assets/Resources/52SpecialEffectPack/Effect/Effect(Shuriken)/ElementalBall2.prefab using Guid(4231a198856fde244852dd542a0b0cf2) Importer(815301076,1909f56bfc062723c751e8b465ee728b)  -> (artifact id: '45d7056c7af590f881eea1b87117b807') in 0.162664 seconds 
  Import took 0.165887 seconds .

========================================================================
Received Import Request.
  Time since last request: 0.000300 seconds.
  path: Assets/Dark UI/Prefabs Buttons/Music.prefab
  artifactKey: Guid(ab21d8b2955e7214da58a9623ed6830c) Importer(815301076,1909f56bfc062723c751e8b465ee728b)
Start importing Assets/Dark UI/Prefabs Buttons/Music.prefab using Guid(ab21d8b2955e7214da58a9623ed6830c) Importer(815301076,1909f56bfc062723c751e8b465ee728b)  -> (artifact id: 'e5ce0154b53a5ca619c22b1bfa2ddff2') in 0.049227 seconds 
  Import took 0.053391 seconds .

========================================================================
Received Import Request.
  Time since last request: 0.000217 seconds.
  path: Assets/InfinitaStudio - Mountains/Obj/mountain_canyon_03.obj
  artifactKey: Guid(658282e867a64f44fbda1c7c5b175cde) Importer(815301076,1909f56bfc062723c751e8b465ee728b)
Start importing Assets/InfinitaStudio - Mountains/Obj/mountain_canyon_03.obj using Guid(658282e867a64f44fbda1c7c5b175cde) Importer(815301076,1909f56bfc062723c751e8b465ee728b)  -> (artifact id: 'b35aa31d12dc053b07b11e4e152374e0') in 0.124565 seconds 
  Import took 0.128253 seconds .

========================================================================
Received Import Request.
  Time since last request: 0.000189 seconds.
  path: Assets/InfinitaStudio - Mountains/Obj/mountain_canyon_02.obj
  artifactKey: Guid(526d3584e1fc6fe40ae4ea57c99eee0b) Importer(815301076,1909f56bfc062723c751e8b465ee728b)
Start importing Assets/InfinitaStudio - Mountains/Obj/mountain_canyon_02.obj using Guid(526d3584e1fc6fe40ae4ea57c99eee0b) Importer(815301076,1909f56bfc062723c751e8b465ee728b)  -> (artifact id: '43e97773458f959e0a4bb51e32f47532') in 0.072975 seconds 
  Import took 0.075932 seconds .

========================================================================
Received Import Request.
  Time since last request: 0.000199 seconds.
  path: Assets/LowPoly Environment Pack/FBX/Grass_1.fbx
  artifactKey: Guid(34dfeb3f659c70946a7698f1846d752b) Importer(815301076,1909f56bfc062723c751e8b465ee728b)
Start importing Assets/LowPoly Environment Pack/FBX/Grass_1.fbx using Guid(34dfeb3f659c70946a7698f1846d752b) Importer(815301076,1909f56bfc062723c751e8b465ee728b)  -> (artifact id: '19583daea05bb01832a17e793906f3a7') in 0.045093 seconds 
  Import took 0.048101 seconds .

========================================================================
Received Import Request.
  Time since last request: 0.000268 seconds.
  path: Assets/Dark UI/Prefabs Buttons/Messages Button.prefab
  artifactKey: Guid(931fec1e23bc2ee40a548c3ee04bfff1) Importer(815301076,1909f56bfc062723c751e8b465ee728b)
Start importing Assets/Dark UI/Prefabs Buttons/Messages Button.prefab using Guid(931fec1e23bc2ee40a548c3ee04bfff1) Importer(815301076,1909f56bfc062723c751e8b465ee728b)  -> (artifact id: 'dbaeef7972c82c8b72f206a46b0d485d') in 0.028418 seconds 
  Import took 0.034532 seconds .

========================================================================
Received Import Request.
  Time since last request: 0.000311 seconds.
  path: Assets/InfinitaStudio - Mountains/Prefabs/Fbx/mountain_canyon_02.prefab
  artifactKey: Guid(79ac2e693257d644d9667d22a764a0e6) Importer(815301076,1909f56bfc062723c751e8b465ee728b)
Start importing Assets/InfinitaStudio - Mountains/Prefabs/Fbx/mountain_canyon_02.prefab using Guid(79ac2e693257d644d9667d22a764a0e6) Importer(815301076,1909f56bfc062723c751e8b465ee728b)  -> (artifact id: '0267a7cf441672143da87947b7556919') in 0.086593 seconds 
  Import took 0.091794 seconds .

========================================================================
Received Import Request.
  Time since last request: 0.000193 seconds.
  path: Assets/Resources/52SpecialEffectPack/Effect/Effect(Shuriken)/Explode7.prefab
  artifactKey: Guid(ba4d2d4d346b55a4da5ee8548c8c5609) Importer(815301076,1909f56bfc062723c751e8b465ee728b)
Start importing Assets/Resources/52SpecialEffectPack/Effect/Effect(Shuriken)/Explode7.prefab using Guid(ba4d2d4d346b55a4da5ee8548c8c5609) Importer(815301076,1909f56bfc062723c751e8b465ee728b)  -> (artifact id: '48ab3d48dce03e6cbedb9efc2295d69f') in 0.057223 seconds 
  Import took 0.062233 seconds .

========================================================================
Received Import Request.
  Time since last request: 0.000429 seconds.
  path: Assets/InfinitaStudio - Mountains/Obj/mountain_canyon_01.obj
  artifactKey: Guid(e229e536c751f96498b74b34fcf81d8a) Importer(815301076,1909f56bfc062723c751e8b465ee728b)
Start importing Assets/InfinitaStudio - Mountains/Obj/mountain_canyon_01.obj using Guid(e229e536c751f96498b74b34fcf81d8a) Importer(815301076,1909f56bfc062723c751e8b465ee728b)  -> (artifact id: '0b4b86940db2d20328ad8c3e7143287b') in 0.063547 seconds 
  Import took 0.066192 seconds .

========================================================================
Received Import Request.
  Time since last request: 0.000196 seconds.
  path: Assets/Resources/52SpecialEffectPack/Effect/Effect(Shuriken)/MagicCube.prefab
  artifactKey: Guid(2c39fb930164bbd47b1b317081d8661d) Importer(815301076,1909f56bfc062723c751e8b465ee728b)
Start importing Assets/Resources/52SpecialEffectPack/Effect/Effect(Shuriken)/MagicCube.prefab using Guid(2c39fb930164bbd47b1b317081d8661d) Importer(815301076,1909f56bfc062723c751e8b465ee728b)  -> (artifact id: '9967db5feea87a99c566abd68a0115a5') in 0.064902 seconds 
  Import took 0.068348 seconds .

========================================================================
Received Import Request.
  Time since last request: 0.000191 seconds.
  path: Assets/Resources/52SpecialEffectPack/Effect/Effect(Shuriken)/LightningRotateBall.prefab
  artifactKey: Guid(9c001e713c3ebd34b9a93ba39ccdb2c7) Importer(815301076,1909f56bfc062723c751e8b465ee728b)
Start importing Assets/Resources/52SpecialEffectPack/Effect/Effect(Shuriken)/LightningRotateBall.prefab using Guid(9c001e713c3ebd34b9a93ba39ccdb2c7) Importer(815301076,1909f56bfc062723c751e8b465ee728b)  -> (artifact id: 'c6cae40317edfe06dbb2f798a2a67397') in 0.065407 seconds 
  Import took 0.068555 seconds .

========================================================================
Received Import Request.
  Time since last request: 0.000191 seconds.
  path: Assets/Resources/52SpecialEffectPack/Effect/Effect(Shuriken)/BlueBall.prefab
  artifactKey: Guid(4248ba95366d5904686c308a47794818) Importer(815301076,1909f56bfc062723c751e8b465ee728b)
Start importing Assets/Resources/52SpecialEffectPack/Effect/Effect(Shuriken)/BlueBall.prefab using Guid(4248ba95366d5904686c308a47794818) Importer(815301076,1909f56bfc062723c751e8b465ee728b)  -> (artifact id: 'a935c36bc1c2bf022fae5f9c873bbd44') in 0.048422 seconds 
  Import took 0.053257 seconds .

========================================================================
Received Import Request.
  Time since last request: 0.000237 seconds.
  path: Assets/Resources/52SpecialEffectPack/Effect/Effect(Shuriken)/ElementalBall3.prefab
  artifactKey: Guid(9a8672522358ff943a1a236cd32e1302) Importer(815301076,1909f56bfc062723c751e8b465ee728b)
Start importing Assets/Resources/52SpecialEffectPack/Effect/Effect(Shuriken)/ElementalBall3.prefab using Guid(9a8672522358ff943a1a236cd32e1302) Importer(815301076,1909f56bfc062723c751e8b465ee728b)  -> (artifact id: '6f9d6e8b854f97587d7205808c3f8e98') in 0.033690 seconds 
  Import took 0.039884 seconds .

========================================================================
Received Import Request.
  Time since last request: 0.000321 seconds.
  path: Assets/InfinitaStudio - Mountains/Fbx/mountain_canyon_03.fbx
  artifactKey: Guid(1f4f4b608ebba404988b7eb3f0abaf88) Importer(815301076,1909f56bfc062723c751e8b465ee728b)
Start importing Assets/InfinitaStudio - Mountains/Fbx/mountain_canyon_03.fbx using Guid(1f4f4b608ebba404988b7eb3f0abaf88) Importer(815301076,1909f56bfc062723c751e8b465ee728b)  -> (artifact id: '91c714a9a99b07a5b2ee8f6c6e16c975') in 0.072399 seconds 
  Import took 0.076894 seconds .

========================================================================
Received Import Request.
  Time since last request: 0.000184 seconds.
  path: Assets/Dark UI/Prefabs Buttons/Close Button.prefab
  artifactKey: Guid(363f1e424d5e7fa40b7181fc5586a869) Importer(815301076,1909f56bfc062723c751e8b465ee728b)
Start importing Assets/Dark UI/Prefabs Buttons/Close Button.prefab using Guid(363f1e424d5e7fa40b7181fc5586a869) Importer(815301076,1909f56bfc062723c751e8b465ee728b)  -> (artifact id: '6b333c7bc259e79afd8e178fc450565d') in 0.026949 seconds 
  Import took 0.032962 seconds .

========================================================================
Received Import Request.
  Time since last request: 0.000585 seconds.
  path: Assets/Dark UI/Prefabs Panel/Facebook Login.prefab
  artifactKey: Guid(e2541b822c0a4a5438b4f733059d8286) Importer(815301076,1909f56bfc062723c751e8b465ee728b)
Start importing Assets/Dark UI/Prefabs Panel/Facebook Login.prefab using Guid(e2541b822c0a4a5438b4f733059d8286) Importer(815301076,1909f56bfc062723c751e8b465ee728b)  -> (artifact id: 'd231076c8ab1447917c0c04b789d3f22') in 0.052600 seconds 
  Import took 0.057496 seconds .

========================================================================
Received Import Request.
  Time since last request: 0.000275 seconds.
  path: Assets/InfinitaStudio - Mountains/Prefabs/Obj/mountain_canyon_01.prefab
  artifactKey: Guid(214de7dc16249324db357bf6519b54af) Importer(815301076,1909f56bfc062723c751e8b465ee728b)
Start importing Assets/InfinitaStudio - Mountains/Prefabs/Obj/mountain_canyon_01.prefab using Guid(214de7dc16249324db357bf6519b54af) Importer(815301076,1909f56bfc062723c751e8b465ee728b)  -> (artifact id: '515ac416ae06b89b50688ceb5f447425') in 0.064558 seconds 
  Import took 0.067525 seconds .

========================================================================
Received Import Request.
  Time since last request: 0.000250 seconds.
  path: Assets/LowPoly Environment Pack/FBX/Environment_1.fbx
  artifactKey: Guid(a9a560b7bc05a6a46978b53fe4b40f49) Importer(815301076,1909f56bfc062723c751e8b465ee728b)
Start importing Assets/LowPoly Environment Pack/FBX/Environment_1.fbx using Guid(a9a560b7bc05a6a46978b53fe4b40f49) Importer(815301076,1909f56bfc062723c751e8b465ee728b)  -> (artifact id: '598a9dde6f217b3f1ab8c98b47809981') in 0.036054 seconds 
  Import took 0.039941 seconds .

========================================================================
Received Import Request.
  Time since last request: 0.000216 seconds.
  path: Assets/Dark UI/Prefabs Buttons/Content 1.prefab
  artifactKey: Guid(61925a4a4e99004479415255739c736d) Importer(815301076,1909f56bfc062723c751e8b465ee728b)
Start importing Assets/Dark UI/Prefabs Buttons/Content 1.prefab using Guid(61925a4a4e99004479415255739c736d) Importer(815301076,1909f56bfc062723c751e8b465ee728b)  -> (artifact id: '5143dc47586ae1161ca79c932c73c817') in 0.047616 seconds 
  Import took 0.055874 seconds .

========================================================================
Received Import Request.
  Time since last request: 0.000289 seconds.
  path: Assets/Resources/52SpecialEffectPack/Effect/Effect(Shuriken)/Explode11.prefab
  artifactKey: Guid(196ff0dbab9ba0d4697ff8df1cebaf6c) Importer(815301076,1909f56bfc062723c751e8b465ee728b)
Start importing Assets/Resources/52SpecialEffectPack/Effect/Effect(Shuriken)/Explode11.prefab using Guid(196ff0dbab9ba0d4697ff8df1cebaf6c) Importer(815301076,1909f56bfc062723c751e8b465ee728b)  -> (artifact id: '7df05a89a43fe8a318139eee1711e0c6') in 0.034862 seconds 
  Import took 0.040240 seconds .

========================================================================
Received Import Request.
  Time since last request: 0.000316 seconds.
  path: Assets/Dark UI/Prefabs Panel/Missions.prefab
  artifactKey: Guid(88bfb9db2b5e692439d24a9c469a31b9) Importer(815301076,1909f56bfc062723c751e8b465ee728b)
Start importing Assets/Dark UI/Prefabs Panel/Missions.prefab using Guid(88bfb9db2b5e692439d24a9c469a31b9) Importer(815301076,1909f56bfc062723c751e8b465ee728b)  -> (artifact id: 'e2607b05b5725c8b2f07c9412e5f4451') in 0.042518 seconds 
  Import took 0.047705 seconds .

========================================================================
Received Import Request.
  Time since last request: 0.000212 seconds.
  path: Assets/InfinitaStudio - Mountains/Prefabs/Fbx/mountain_canyon_03.prefab
  artifactKey: Guid(50fba2f163418df47b4f53d5eae25cf2) Importer(815301076,1909f56bfc062723c751e8b465ee728b)
Start importing Assets/InfinitaStudio - Mountains/Prefabs/Fbx/mountain_canyon_03.prefab using Guid(50fba2f163418df47b4f53d5eae25cf2) Importer(815301076,1909f56bfc062723c751e8b465ee728b)  -> (artifact id: '684bac73ac0be4cabca029d996e25df3') in 0.026972 seconds 
  Import took 0.030360 seconds .

========================================================================
Received Import Request.
  Time since last request: 0.000191 seconds.
  path: Assets/Resources/52SpecialEffectPack/Effect/Effect(Shuriken)/Explode9.prefab
  artifactKey: Guid(450dff828997cdd4c864f611df7d62d5) Importer(815301076,1909f56bfc062723c751e8b465ee728b)
Start importing Assets/Resources/52SpecialEffectPack/Effect/Effect(Shuriken)/Explode9.prefab using Guid(450dff828997cdd4c864f611df7d62d5) Importer(815301076,1909f56bfc062723c751e8b465ee728b)  -> (artifact id: 'bd645b147cbb8158328a3087f224a649') in 0.051091 seconds 
  Import took 0.058553 seconds .

========================================================================
Received Import Request.
  Time since last request: 0.000756 seconds.
  path: Assets/LowPoly Environment Pack/FBX/Plant_6.fbx
  artifactKey: Guid(537ff932739c5174fa989b8403a9db91) Importer(815301076,1909f56bfc062723c751e8b465ee728b)
Start importing Assets/LowPoly Environment Pack/FBX/Plant_6.fbx using Guid(537ff932739c5174fa989b8403a9db91) Importer(815301076,1909f56bfc062723c751e8b465ee728b)  -> (artifact id: '85879e095cd3d892a8823295c900a140') in 0.047153 seconds 
  Import took 0.053404 seconds .

========================================================================
Received Import Request.
  Time since last request: 0.001491 seconds.
  path: Assets/Biomechanical_Mutant/Prefabs/Biomech_Mutant_Skin_1.prefab
  artifactKey: Guid(2b95b8c937251bf4a862469a23da16b2) Importer(815301076,1909f56bfc062723c751e8b465ee728b)
Start importing Assets/Biomechanical_Mutant/Prefabs/Biomech_Mutant_Skin_1.prefab using Guid(2b95b8c937251bf4a862469a23da16b2) Importer(815301076,1909f56bfc062723c751e8b465ee728b)  -> (artifact id: 'b0a75d2ee7208a3c91aff55f13726496') in 0.497561 seconds 
  Import took 0.509463 seconds .

========================================================================
Received Import Request.
  Time since last request: 0.000364 seconds.
  path: Assets/Resources/52SpecialEffectPack/Effect/Effect(Shuriken)/Kunai4.prefab
  artifactKey: Guid(83847459a29ab814788d190f1fd96e68) Importer(815301076,1909f56bfc062723c751e8b465ee728b)
Start importing Assets/Resources/52SpecialEffectPack/Effect/Effect(Shuriken)/Kunai4.prefab using Guid(83847459a29ab814788d190f1fd96e68) Importer(815301076,1909f56bfc062723c751e8b465ee728b)  -> (artifact id: 'cc35def02741cfc75082b73256800f91') in 0.062085 seconds 
  Import took 0.068627 seconds .

========================================================================
Received Import Request.
  Time since last request: 0.000270 seconds.
  path: Assets/InfinitaStudio - Mountains/Fbx/mountain_canyon_02.fbx
  artifactKey: Guid(bd9a43100a429264ea0a74b8b15b8500) Importer(815301076,1909f56bfc062723c751e8b465ee728b)
Start importing Assets/InfinitaStudio - Mountains/Fbx/mountain_canyon_02.fbx using Guid(bd9a43100a429264ea0a74b8b15b8500) Importer(815301076,1909f56bfc062723c751e8b465ee728b)  -> (artifact id: '604be7cc16e8afc222e9d8fd80fe8946') in 0.047865 seconds 
  Import took 0.051592 seconds .

========================================================================
Received Import Request.
  Time since last request: 0.000221 seconds.
  path: Assets/Resources/SciFiWarriorPBRHPPolyart/Mesh/PBR_HP_Mesh.fbx
  artifactKey: Guid(5ae220fa0f79ffe41b0102a618febf5a) Importer(815301076,1909f56bfc062723c751e8b465ee728b)
Start importing Assets/Resources/SciFiWarriorPBRHPPolyart/Mesh/PBR_HP_Mesh.fbx using Guid(5ae220fa0f79ffe41b0102a618febf5a) Importer(815301076,1909f56bfc062723c751e8b465ee728b)  -> (artifact id: 'd979c8bd5b73ab29d593998d9de7456c') in 0.122337 seconds 
  Import took 0.127642 seconds .

========================================================================
Received Import Request.
  Time since last request: 0.000290 seconds.
  path: Assets/Resources/52SpecialEffectPack/Effect/Effect(Shuriken)/LaserFire.prefab
  artifactKey: Guid(2773c6c2c174c334890f7ce3d5f3d936) Importer(815301076,1909f56bfc062723c751e8b465ee728b)
Start importing Assets/Resources/52SpecialEffectPack/Effect/Effect(Shuriken)/LaserFire.prefab using Guid(2773c6c2c174c334890f7ce3d5f3d936) Importer(815301076,1909f56bfc062723c751e8b465ee728b)  -> (artifact id: 'def1c9466a86342b760864060c5ce105') in 0.078069 seconds 
  Import took 0.081240 seconds .

========================================================================
Received Import Request.
  Time since last request: 0.000186 seconds.
  path: Assets/Resources/52SpecialEffectPack/Effect/Effect(Shuriken)/Hole.prefab
  artifactKey: Guid(7f4cd52014748b049b82f29f755c1278) Importer(815301076,1909f56bfc062723c751e8b465ee728b)
Start importing Assets/Resources/52SpecialEffectPack/Effect/Effect(Shuriken)/Hole.prefab using Guid(7f4cd52014748b049b82f29f755c1278) Importer(815301076,1909f56bfc062723c751e8b465ee728b)  -> (artifact id: '6cedfdb3710fa3fe6f5d5734f0d1f9e1') in 0.049094 seconds 
  Import took 0.052432 seconds .

========================================================================
Received Import Request.
  Time since last request: 0.001251 seconds.
  path: Assets/Dark UI/Prefabs Panel/Panel.prefab
  artifactKey: Guid(d9f1eab8509cab84c8deac6f16b2db0c) Importer(815301076,1909f56bfc062723c751e8b465ee728b)
Start importing Assets/Dark UI/Prefabs Panel/Panel.prefab using Guid(d9f1eab8509cab84c8deac6f16b2db0c) Importer(815301076,1909f56bfc062723c751e8b465ee728b)  -> (artifact id: 'a922b3904b905c0566095030c624644e') in 0.050331 seconds 
  Import took 0.056452 seconds .

========================================================================
Received Import Request.
  Time since last request: 0.000217 seconds.
  path: Assets/InfinitaStudio - Mountains/Prefabs/Fbx/mountain_canyon_04.prefab
  artifactKey: Guid(0b7331ce844897f4c9350f4242978b1e) Importer(815301076,1909f56bfc062723c751e8b465ee728b)
Start importing Assets/InfinitaStudio - Mountains/Prefabs/Fbx/mountain_canyon_04.prefab using Guid(0b7331ce844897f4c9350f4242978b1e) Importer(815301076,1909f56bfc062723c751e8b465ee728b)  -> (artifact id: 'e1363ebf1e9362c174868504468c99fc') in 0.121459 seconds 
  Import took 0.124228 seconds .

========================================================================
Received Import Request.
  Time since last request: 0.000210 seconds.
  path: Assets/InfinitaStudio - Mountains/Fbx/mountain_canyon_01.fbx
  artifactKey: Guid(69978e1cb3bbf214498224022715490f) Importer(815301076,1909f56bfc062723c751e8b465ee728b)
Start importing Assets/InfinitaStudio - Mountains/Fbx/mountain_canyon_01.fbx using Guid(69978e1cb3bbf214498224022715490f) Importer(815301076,1909f56bfc062723c751e8b465ee728b)  -> (artifact id: 'fcd47c8995d8325f1647b4bf24d13f07') in 0.077484 seconds 
  Import took 0.080300 seconds .

========================================================================
Received Import Request.
  Time since last request: 0.000216 seconds.
  path: Assets/Resources/52SpecialEffectPack/Effect/Effect(Shuriken)/ElementalBall4.prefab
  artifactKey: Guid(5da4c531ae0085f41b5f5c498270eeea) Importer(815301076,1909f56bfc062723c751e8b465ee728b)
Start importing Assets/Resources/52SpecialEffectPack/Effect/Effect(Shuriken)/ElementalBall4.prefab using Guid(5da4c531ae0085f41b5f5c498270eeea) Importer(815301076,1909f56bfc062723c751e8b465ee728b)  -> (artifact id: 'f17337dcb5c853fc2cf53a8323fdf290') in 0.040227 seconds 
  Import took 0.043806 seconds .

========================================================================
Received Import Request.
  Time since last request: 0.000437 seconds.
  path: Assets/Dark UI/Prefabs Panel/My Info Panel.prefab
  artifactKey: Guid(ba3a1aee54ab6804abce9e7e68ce679f) Importer(815301076,1909f56bfc062723c751e8b465ee728b)
Start importing Assets/Dark UI/Prefabs Panel/My Info Panel.prefab using Guid(ba3a1aee54ab6804abce9e7e68ce679f) Importer(815301076,1909f56bfc062723c751e8b465ee728b)  -> (artifact id: '1189ff3ea6617dd67311e05babea38ba') in 0.018404 seconds 
  Import took 0.023877 seconds .

========================================================================
Received Import Request.
  Time since last request: 0.000052 seconds.
  path: Assets/Resources/52SpecialEffectPack/Effect/Effect(Shuriken)/IceCloud.prefab
  artifactKey: Guid(b97184e0833ffba4ca32beb2bc860a7c) Importer(815301076,1909f56bfc062723c751e8b465ee728b)
Start importing Assets/Resources/52SpecialEffectPack/Effect/Effect(Shuriken)/IceCloud.prefab using Guid(b97184e0833ffba4ca32beb2bc860a7c) Importer(815301076,1909f56bfc062723c751e8b465ee728b)  -> (artifact id: '7656554a59994321c7b3d90ab31350a8') in 0.080421 seconds 
  Import took 0.084974 seconds .

========================================================================
Received Import Request.
  Time since last request: 0.000496 seconds.
  path: Assets/Resources/JMO Assets/WarFX/Mesh/icosphere.fbx
  artifactKey: Guid(30b0c87680e76604a959637052b5e8ac) Importer(815301076,1909f56bfc062723c751e8b465ee728b)
Start importing Assets/Resources/JMO Assets/WarFX/Mesh/icosphere.fbx using Guid(30b0c87680e76604a959637052b5e8ac) Importer(815301076,1909f56bfc062723c751e8b465ee728b)  -> (artifact id: '92193ed3aabbde67b073b2054bb606d8') in 0.044933 seconds 
  Import took 0.049767 seconds .

========================================================================
Received Import Request.
  Time since last request: 0.000488 seconds.
  path: Assets/Dark UI/Prefabs Buttons/Notification.prefab
  artifactKey: Guid(9b93e0873a7ba034697ab5143e50d1c8) Importer(815301076,1909f56bfc062723c751e8b465ee728b)
Start importing Assets/Dark UI/Prefabs Buttons/Notification.prefab using Guid(9b93e0873a7ba034697ab5143e50d1c8) Importer(815301076,1909f56bfc062723c751e8b465ee728b)  -> (artifact id: '5af34aaa6ff3eee8d8677309ed0b2c0b') in 0.044999 seconds 
  Import took 0.054733 seconds .

========================================================================
Received Import Request.
  Time since last request: 0.000318 seconds.
  path: Assets/Biomechanical_Mutant/Prefabs/Biomech_Mutant_Skin_1_bloody.prefab
  artifactKey: Guid(4e14536821986c54bb8c6d3160c19cfc) Importer(815301076,1909f56bfc062723c751e8b465ee728b)
Start importing Assets/Biomechanical_Mutant/Prefabs/Biomech_Mutant_Skin_1_bloody.prefab using Guid(4e14536821986c54bb8c6d3160c19cfc) Importer(815301076,1909f56bfc062723c751e8b465ee728b)  -> (artifact id: 'e7a57e71a9869bebbd3af1de1f148875') in 0.366588 seconds 
  Import took 0.377423 seconds .

========================================================================
Received Import Request.
  Time since last request: 0.000303 seconds.
  path: Assets/InfinitaStudio - Mountains/Prefabs/Fbx/mountain_canyon_05.prefab
  artifactKey: Guid(30ded8fdd3abc9b40929e3fac0e665c6) Importer(815301076,1909f56bfc062723c751e8b465ee728b)
Start importing Assets/InfinitaStudio - Mountains/Prefabs/Fbx/mountain_canyon_05.prefab using Guid(30ded8fdd3abc9b40929e3fac0e665c6) Importer(815301076,1909f56bfc062723c751e8b465ee728b)  -> (artifact id: '3e880e29ef0aa69767121cb0cb400001') in 0.090422 seconds 
  Import took 0.093322 seconds .

========================================================================
Received Import Request.
  Time since last request: 0.000228 seconds.
  path: Assets/LowPoly Environment Pack/FBX/Plant_1.fbx
  artifactKey: Guid(3739d3cd85494bb4c887d0401497fe57) Importer(815301076,1909f56bfc062723c751e8b465ee728b)
Start importing Assets/LowPoly Environment Pack/FBX/Plant_1.fbx using Guid(3739d3cd85494bb4c887d0401497fe57) Importer(815301076,1909f56bfc062723c751e8b465ee728b)  -> (artifact id: '08d95de3797442d75429212434b5fcb7') in 0.043701 seconds 
  Import took 0.047264 seconds .

========================================================================
Received Import Request.
  Time since last request: 0.000252 seconds.
  path: Assets/LowPoly Environment Pack/FBX/Log_2.fbx
  artifactKey: Guid(a834527aa1ce23a40857bdc293825f3a) Importer(815301076,1909f56bfc062723c751e8b465ee728b)
Start importing Assets/LowPoly Environment Pack/FBX/Log_2.fbx using Guid(a834527aa1ce23a40857bdc293825f3a) Importer(815301076,1909f56bfc062723c751e8b465ee728b)  -> (artifact id: 'adaf039bedda9ffe3a1eb1db523f0fb1') in 0.026458 seconds 
  Import took 0.029924 seconds .

========================================================================
Received Import Request.
  Time since last request: 0.000270 seconds.
  path: Assets/Resources/52SpecialEffectPack/Effect/Effect(Shuriken)/DeadExplode.prefab
  artifactKey: Guid(bf350f60afaca7e44b4533526bda51c2) Importer(815301076,1909f56bfc062723c751e8b465ee728b)
Start importing Assets/Resources/52SpecialEffectPack/Effect/Effect(Shuriken)/DeadExplode.prefab using Guid(bf350f60afaca7e44b4533526bda51c2) Importer(815301076,1909f56bfc062723c751e8b465ee728b)  -> (artifact id: 'fcb9323be2a2adc9261d0def900c7660') in 0.029578 seconds 
  Import took 0.039736 seconds .

========================================================================
Received Import Request.
  Time since last request: 0.000412 seconds.
  path: Assets/LowPoly Environment Pack/FBX/Plant_5.fbx
  artifactKey: Guid(c9ce8f855ca8c98449df4090174b5cd0) Importer(815301076,1909f56bfc062723c751e8b465ee728b)
Start importing Assets/LowPoly Environment Pack/FBX/Plant_5.fbx using Guid(c9ce8f855ca8c98449df4090174b5cd0) Importer(815301076,1909f56bfc062723c751e8b465ee728b)  -> (artifact id: '71926fcf4e40cf6788beccaa279eccb6') in 0.040038 seconds 
  Import took 0.043479 seconds .

========================================================================
Received Import Request.
  Time since last request: 0.000201 seconds.
  path: Assets/LowPoly Environment Pack/FBX/Plant_2.fbx
  artifactKey: Guid(c83f502368bab8140af79867b14e99c9) Importer(815301076,1909f56bfc062723c751e8b465ee728b)
Start importing Assets/LowPoly Environment Pack/FBX/Plant_2.fbx using Guid(c83f502368bab8140af79867b14e99c9) Importer(815301076,1909f56bfc062723c751e8b465ee728b)  -> (artifact id: '0f36e4a0089bd3d0feeda5ce6acbfb47') in 0.037407 seconds 
  Import took 0.042052 seconds .

========================================================================
Received Import Request.
  Time since last request: 0.000476 seconds.
  path: Assets/InfinitaStudio - Mountains/Prefabs/Obj/mountain_canyon_02.prefab
  artifactKey: Guid(b598827f1c446cd418f04b56aa829b8c) Importer(815301076,1909f56bfc062723c751e8b465ee728b)
Start importing Assets/InfinitaStudio - Mountains/Prefabs/Obj/mountain_canyon_02.prefab using Guid(b598827f1c446cd418f04b56aa829b8c) Importer(815301076,1909f56bfc062723c751e8b465ee728b)  -> (artifact id: '098d7ccc3ea479e05157c3fd4a5c2cbc') in 0.033719 seconds 
  Import took 0.038135 seconds .

========================================================================
Received Import Request.
  Time since last request: 0.000197 seconds.
  path: Assets/Resources/52SpecialEffectPack/Effect/Effect(Shuriken)/LightningBall2.prefab
  artifactKey: Guid(c4b10940b2415844d94a5af346e92ad3) Importer(815301076,1909f56bfc062723c751e8b465ee728b)
Start importing Assets/Resources/52SpecialEffectPack/Effect/Effect(Shuriken)/LightningBall2.prefab using Guid(c4b10940b2415844d94a5af346e92ad3) Importer(815301076,1909f56bfc062723c751e8b465ee728b)  -> (artifact id: 'f833607d3229fb67f61021153d9c5914') in 0.037938 seconds 
  Import took 0.043027 seconds .

========================================================================
Received Import Request.
  Time since last request: 0.000223 seconds.
  path: Assets/InfinitaStudio - Mountains/Obj/mountain_canyon_04.obj
  artifactKey: Guid(1e022be0df1692146b0fa58d5600183b) Importer(815301076,1909f56bfc062723c751e8b465ee728b)
Start importing Assets/InfinitaStudio - Mountains/Obj/mountain_canyon_04.obj using Guid(1e022be0df1692146b0fa58d5600183b) Importer(815301076,1909f56bfc062723c751e8b465ee728b)  -> (artifact id: '4653ff77ae9b188a3ade09e77406cc21') in 0.062250 seconds 
  Import took 0.065734 seconds .

========================================================================
Received Import Request.
  Time since last request: 0.000196 seconds.
  path: Assets/Dark UI/Prefabs Buttons/Item List.prefab
  artifactKey: Guid(a07de068baebd3d4284ee0c354168d13) Importer(815301076,1909f56bfc062723c751e8b465ee728b)
Start importing Assets/Dark UI/Prefabs Buttons/Item List.prefab using Guid(a07de068baebd3d4284ee0c354168d13) Importer(815301076,1909f56bfc062723c751e8b465ee728b)  -> (artifact id: 'f40626f79d99fc6752057a9eb03b5e47') in 0.061126 seconds 
  Import took 0.063905 seconds .

========================================================================
Received Import Request.
  Time since last request: 0.000210 seconds.
  path: Assets/Resources/52SpecialEffectPack/Effect/Effect(Shuriken)/Kunai2.prefab
  artifactKey: Guid(4e354172ca9de2e45b3021f36963f995) Importer(815301076,1909f56bfc062723c751e8b465ee728b)
Start importing Assets/Resources/52SpecialEffectPack/Effect/Effect(Shuriken)/Kunai2.prefab using Guid(4e354172ca9de2e45b3021f36963f995) Importer(815301076,1909f56bfc062723c751e8b465ee728b)  -> (artifact id: 'eb186d9a9d59d6933f3bacc32ea7b87c') in 0.035585 seconds 
  Import took 0.044890 seconds .

========================================================================
Received Import Request.
  Time since last request: 0.000217 seconds.
  path: Assets/Resources/52SpecialEffectPack/Effect/Effect(Shuriken)/MagicCircleRelease.prefab
  artifactKey: Guid(fc90607984114ad4b82ab9cecd612f99) Importer(815301076,1909f56bfc062723c751e8b465ee728b)
Start importing Assets/Resources/52SpecialEffectPack/Effect/Effect(Shuriken)/MagicCircleRelease.prefab using Guid(fc90607984114ad4b82ab9cecd612f99) Importer(815301076,1909f56bfc062723c751e8b465ee728b)  -> (artifact id: '009b95904ee0e6cb63c2a447d2cb5a76') in 0.065871 seconds 
  Import took 0.069185 seconds .

========================================================================
Received Import Request.
  Time since last request: 0.000196 seconds.
  path: Assets/Resources/52SpecialEffectPack/Effect/Effect(Shuriken)/MagicCircleExplode.prefab
  artifactKey: Guid(ea4ce2b1817aec64f9a23ae028ffe62c) Importer(815301076,1909f56bfc062723c751e8b465ee728b)
Start importing Assets/Resources/52SpecialEffectPack/Effect/Effect(Shuriken)/MagicCircleExplode.prefab using Guid(ea4ce2b1817aec64f9a23ae028ffe62c) Importer(815301076,1909f56bfc062723c751e8b465ee728b)  -> (artifact id: '8c14826a3ceab5c686767e65172bb37d') in 0.021456 seconds 
  Import took 0.027148 seconds .

========================================================================
Received Import Request.
  Time since last request: 0.000221 seconds.
  path: Assets/Dark UI/Prefabs Buttons/Inventory Button.prefab
  artifactKey: Guid(767d54a212d487e4b810ed9a97bdb865) Importer(815301076,1909f56bfc062723c751e8b465ee728b)
Start importing Assets/Dark UI/Prefabs Buttons/Inventory Button.prefab using Guid(767d54a212d487e4b810ed9a97bdb865) Importer(815301076,1909f56bfc062723c751e8b465ee728b)  -> (artifact id: 'f0372f6fd4fb073de02f4aece5006a38') in 0.014412 seconds 
  Import took 0.019001 seconds .

========================================================================
Received Import Request.
  Time since last request: 0.000134 seconds.
  path: Assets/Dark UI/Prefabs Buttons/Missions Button.prefab
  artifactKey: Guid(a6d2d0815e8bd9846afeb0205f0f5ea6) Importer(815301076,1909f56bfc062723c751e8b465ee728b)
Start importing Assets/Dark UI/Prefabs Buttons/Missions Button.prefab using Guid(a6d2d0815e8bd9846afeb0205f0f5ea6) Importer(815301076,1909f56bfc062723c751e8b465ee728b)  -> (artifact id: '29c03f120c93a0e9767b44ea5386d4d4') in 0.013321 seconds 
  Import took 0.017436 seconds .

========================================================================
Received Import Request.
  Time since last request: 0.000311 seconds.
  path: Assets/LowPoly Environment Pack/FBX/Grass_2.fbx
  artifactKey: Guid(a0873148ac8296f43bcd8ca9f39271e3) Importer(815301076,1909f56bfc062723c751e8b465ee728b)
Start importing Assets/LowPoly Environment Pack/FBX/Grass_2.fbx using Guid(a0873148ac8296f43bcd8ca9f39271e3) Importer(815301076,1909f56bfc062723c751e8b465ee728b)  -> (artifact id: 'eb7712adf7ccdb7e3ab6d44c01667835') in 0.025073 seconds 
  Import took 0.031809 seconds .

========================================================================
Received Import Request.
  Time since last request: 0.000433 seconds.
  path: Assets/Resources/52SpecialEffectPack/Effect/Effect(Shuriken)/PoisonExplode.prefab
  artifactKey: Guid(9d9788338b7ea814dae35d23d4cdd819) Importer(815301076,1909f56bfc062723c751e8b465ee728b)
Start importing Assets/Resources/52SpecialEffectPack/Effect/Effect(Shuriken)/PoisonExplode.prefab using Guid(9d9788338b7ea814dae35d23d4cdd819) Importer(815301076,1909f56bfc062723c751e8b465ee728b)  -> (artifact id: 'e03fb1df1162e072cc9c76d1812a3068') in 0.049869 seconds 
  Import took 0.057442 seconds .

========================================================================
Received Import Request.
  Time since last request: 0.000583 seconds.
  path: Assets/Ultimate 10 Plus Shaders/3D Models/Grass_Mesh.fbx
  artifactKey: Guid(446648e11dc37c4458f9af0b19ebb9d1) Importer(815301076,1909f56bfc062723c751e8b465ee728b)
Start importing Assets/Ultimate 10 Plus Shaders/3D Models/Grass_Mesh.fbx using Guid(446648e11dc37c4458f9af0b19ebb9d1) Importer(815301076,1909f56bfc062723c751e8b465ee728b)  -> (artifact id: '6b0da4f216e3f58bf95ee26a9896886b') in 0.086565 seconds 
  Import took 0.091303 seconds .

========================================================================
Received Import Request.
  Time since last request: 0.000211 seconds.
  path: Assets/InfinitaStudio - Mountains/Prefabs/Obj/mountain_canyon_05.prefab
  artifactKey: Guid(2c7f485a067bff74db05d7368b770469) Importer(815301076,1909f56bfc062723c751e8b465ee728b)
Start importing Assets/InfinitaStudio - Mountains/Prefabs/Obj/mountain_canyon_05.prefab using Guid(2c7f485a067bff74db05d7368b770469) Importer(815301076,1909f56bfc062723c751e8b465ee728b)  -> (artifact id: '73c505f8d4020c470a4841e2c00e7301') in 0.052362 seconds 
  Import took 0.057339 seconds .

========================================================================
Received Import Request.
  Time since last request: 0.000279 seconds.
  path: Assets/Resources/52SpecialEffectPack/Effect/Effect(Shuriken)/Kunai3.prefab
  artifactKey: Guid(48dfdee99b415924b9bc9473c8ab3be8) Importer(815301076,1909f56bfc062723c751e8b465ee728b)
Start importing Assets/Resources/52SpecialEffectPack/Effect/Effect(Shuriken)/Kunai3.prefab using Guid(48dfdee99b415924b9bc9473c8ab3be8) Importer(815301076,1909f56bfc062723c751e8b465ee728b)  -> (artifact id: '750ac606b121181f70709e2c19e4576d') in 0.045302 seconds 
  Import took 0.055279 seconds .

========================================================================
Received Import Request.
  Time since last request: 0.000465 seconds.
  path: Assets/Resources/52SpecialEffectPack/Effect/Effect(Shuriken)/DeadBall.prefab
  artifactKey: Guid(537a18d45863c794c97e81b7bc643e71) Importer(815301076,1909f56bfc062723c751e8b465ee728b)
Start importing Assets/Resources/52SpecialEffectPack/Effect/Effect(Shuriken)/DeadBall.prefab using Guid(537a18d45863c794c97e81b7bc643e71) Importer(815301076,1909f56bfc062723c751e8b465ee728b)  -> (artifact id: 'a301b308d77b3c57ee770c8e4db840c3') in 0.023947 seconds 
  Import took 0.028768 seconds .

========================================================================
Received Import Request.
  Time since last request: 0.000388 seconds.
  path: Assets/Resources/52SpecialEffectPack/Effect/Effect(Shuriken)/Kunai.prefab
  artifactKey: Guid(3fb31ce22fa348f49a27f87a5b0adcbe) Importer(815301076,1909f56bfc062723c751e8b465ee728b)
Start importing Assets/Resources/52SpecialEffectPack/Effect/Effect(Shuriken)/Kunai.prefab using Guid(3fb31ce22fa348f49a27f87a5b0adcbe) Importer(815301076,1909f56bfc062723c751e8b465ee728b)  -> (artifact id: 'ec470299f12c53aa24769ceb60d50530') in 0.025302 seconds 
  Import took 0.030351 seconds .

========================================================================
Received Import Request.
  Time since last request: 0.000234 seconds.
  path: Assets/Resources/52SpecialEffectPack/Effect/Effect(Shuriken)/Explode8.prefab
  artifactKey: Guid(be7d9c7b953f9b143861af17cf32d4ca) Importer(815301076,1909f56bfc062723c751e8b465ee728b)
Start importing Assets/Resources/52SpecialEffectPack/Effect/Effect(Shuriken)/Explode8.prefab using Guid(be7d9c7b953f9b143861af17cf32d4ca) Importer(815301076,1909f56bfc062723c751e8b465ee728b)  -> (artifact id: '7573aef66be793c7bd9267d1b42e6b9b') in 0.048268 seconds 
  Import took 0.052239 seconds .

========================================================================
Received Import Request.
  Time since last request: 0.000270 seconds.
  path: Assets/Resources/52SpecialEffectPack/Effect/Effect(Shuriken)/ElementalBall.prefab
  artifactKey: Guid(9826389809c2e1e41a1125953a56a236) Importer(815301076,1909f56bfc062723c751e8b465ee728b)
Start importing Assets/Resources/52SpecialEffectPack/Effect/Effect(Shuriken)/ElementalBall.prefab using Guid(9826389809c2e1e41a1125953a56a236) Importer(815301076,1909f56bfc062723c751e8b465ee728b)  -> (artifact id: 'd986113340f9a2f71107454b22ec1b9d') in 0.025737 seconds 
  Import took 0.030246 seconds .

========================================================================
Received Import Request.
  Time since last request: 0.000214 seconds.
  path: Assets/Resources/52SpecialEffectPack/Effect/Effect(Shuriken)/IceBall.prefab
  artifactKey: Guid(4a208ba3b61f6e24595fe9f17926de8e) Importer(815301076,1909f56bfc062723c751e8b465ee728b)
Start importing Assets/Resources/52SpecialEffectPack/Effect/Effect(Shuriken)/IceBall.prefab using Guid(4a208ba3b61f6e24595fe9f17926de8e) Importer(815301076,1909f56bfc062723c751e8b465ee728b)  -> (artifact id: 'c582fed0782377e9958701a7d4f28e8a') in 0.026737 seconds 
  Import took 0.032292 seconds .

========================================================================
Received Import Request.
  Time since last request: 0.000314 seconds.
  path: Assets/InfinitaStudio - Mountains/Fbx/mountain_canyon_04.fbx
  artifactKey: Guid(aed201f64af1d404d932a8c7ceb3f57c) Importer(815301076,1909f56bfc062723c751e8b465ee728b)
Start importing Assets/InfinitaStudio - Mountains/Fbx/mountain_canyon_04.fbx using Guid(aed201f64af1d404d932a8c7ceb3f57c) Importer(815301076,1909f56bfc062723c751e8b465ee728b)  -> (artifact id: '57b7014e17d02ae0f7fa19d1dc1745cb') in 0.032807 seconds 
  Import took 0.040724 seconds .

========================================================================
Received Import Request.
  Time since last request: 0.000329 seconds.
  path: Assets/LowPoly Environment Pack/FBX/Plant_4.fbx
  artifactKey: Guid(283c2a73be2ff274abe5a6c1e1ee3a48) Importer(815301076,1909f56bfc062723c751e8b465ee728b)
Start importing Assets/LowPoly Environment Pack/FBX/Plant_4.fbx using Guid(283c2a73be2ff274abe5a6c1e1ee3a48) Importer(815301076,1909f56bfc062723c751e8b465ee728b)  -> (artifact id: '70ab7517b03dce1dd085e4bf47a84946') in 0.034921 seconds 
  Import took 0.038841 seconds .

========================================================================
Received Import Request.
  Time since last request: 0.000219 seconds.
  path: Assets/Resources/52SpecialEffectPack/Effect/Effect(Shuriken)/LigthningArrow.prefab
  artifactKey: Guid(f668eb933cc5b2b4385c78d3cf3c4f75) Importer(815301076,1909f56bfc062723c751e8b465ee728b)
Start importing Assets/Resources/52SpecialEffectPack/Effect/Effect(Shuriken)/LigthningArrow.prefab using Guid(f668eb933cc5b2b4385c78d3cf3c4f75) Importer(815301076,1909f56bfc062723c751e8b465ee728b)  -> (artifact id: '9af84250c5040841a6f4958c08865f1c') in 0.028854 seconds 
  Import took 0.035355 seconds .

========================================================================
Received Import Request.
  Time since last request: 0.000304 seconds.
  path: Assets/LowPoly Environment Pack/FBX/Log_1.fbx
  artifactKey: Guid(f12a3ed37c1553f46a2806744d6b056e) Importer(815301076,1909f56bfc062723c751e8b465ee728b)
Start importing Assets/LowPoly Environment Pack/FBX/Log_1.fbx using Guid(f12a3ed37c1553f46a2806744d6b056e) Importer(815301076,1909f56bfc062723c751e8b465ee728b)  -> (artifact id: '2239a9e166f44acbe21b2f93b48ebe73') in 0.025672 seconds 
  Import took 0.032325 seconds .

========================================================================
Received Import Request.
  Time since last request: 0.002550 seconds.
  path: Assets/Resources/52SpecialEffectPack/Effect/Effect(Shuriken)/ElementalArrow2.prefab
  artifactKey: Guid(a8d60f6853b51ee4ba75f1966f4f358f) Importer(815301076,1909f56bfc062723c751e8b465ee728b)
Start importing Assets/Resources/52SpecialEffectPack/Effect/Effect(Shuriken)/ElementalArrow2.prefab using Guid(a8d60f6853b51ee4ba75f1966f4f358f) Importer(815301076,1909f56bfc062723c751e8b465ee728b)  -> (artifact id: 'a6577b9d6a312a4765823d3d02c9b82e') in 0.050780 seconds 
  Import took 0.055621 seconds .

========================================================================
Received Import Request.
  Time since last request: 0.000229 seconds.
  path: Assets/Dark UI/Prefabs Buttons/Play Button.prefab
  artifactKey: Guid(d0329f7d2e9d3ff4c8a0abd462dd43da) Importer(815301076,1909f56bfc062723c751e8b465ee728b)
Start importing Assets/Dark UI/Prefabs Buttons/Play Button.prefab using Guid(d0329f7d2e9d3ff4c8a0abd462dd43da) Importer(815301076,1909f56bfc062723c751e8b465ee728b)  -> (artifact id: 'e39d27310459cb9f520096a23b9ad904') in 0.024168 seconds 
  Import took 0.027337 seconds .

========================================================================
Received Import Request.
  Time since last request: 0.001156 seconds.
  path: Assets/Dark UI/Prefabs Buttons/Info Button.prefab
  artifactKey: Guid(54438c6f0e116ac4eb3b7f02368e4ccc) Importer(815301076,1909f56bfc062723c751e8b465ee728b)
Start importing Assets/Dark UI/Prefabs Buttons/Info Button.prefab using Guid(54438c6f0e116ac4eb3b7f02368e4ccc) Importer(815301076,1909f56bfc062723c751e8b465ee728b)  -> (artifact id: 'de580a1e72ef72bb787e0ebcd15aef4e') in 0.013930 seconds 
  Import took 0.021764 seconds .

========================================================================
Received Import Request.
  Time since last request: 0.000221 seconds.
  path: Assets/Biomechanical_Mutant/Prefabs/Biomech_Mutant_Skin_2_bloody.prefab
  artifactKey: Guid(bf305a5598f882b4facd6c8c44530a10) Importer(815301076,1909f56bfc062723c751e8b465ee728b)
Start importing Assets/Biomechanical_Mutant/Prefabs/Biomech_Mutant_Skin_2_bloody.prefab using Guid(bf305a5598f882b4facd6c8c44530a10) Importer(815301076,1909f56bfc062723c751e8b465ee728b)  -> (artifact id: '8bcf566476d74cf2cbeba3275f8d2255') in 0.207014 seconds 
  Import took 0.212779 seconds .

========================================================================
Received Import Request.
  Time since last request: 0.000267 seconds.
  path: Assets/InfinitaStudio - Mountains/Prefabs/Obj/mountain_canyon_04.prefab
  artifactKey: Guid(dc429c520592d0249982bd99760652f7) Importer(815301076,1909f56bfc062723c751e8b465ee728b)
Start importing Assets/InfinitaStudio - Mountains/Prefabs/Obj/mountain_canyon_04.prefab using Guid(dc429c520592d0249982bd99760652f7) Importer(815301076,1909f56bfc062723c751e8b465ee728b)  -> (artifact id: 'df367356253de1abe92387486f5b6828') in 0.037755 seconds 
  Import took 0.041798 seconds .

========================================================================
Received Import Request.
  Time since last request: 0.000077 seconds.
  path: Assets/Resources/52SpecialEffectPack/Effect/Effect(Shuriken)/Explode5.prefab
  artifactKey: Guid(176c17a1cb4e96d4c918b4636a95b8c7) Importer(815301076,1909f56bfc062723c751e8b465ee728b)
Start importing Assets/Resources/52SpecialEffectPack/Effect/Effect(Shuriken)/Explode5.prefab using Guid(176c17a1cb4e96d4c918b4636a95b8c7) Importer(815301076,1909f56bfc062723c751e8b465ee728b)  -> (artifact id: '44b7f2aaf89d95d1b9fe825342a0504d') in 0.029627 seconds 
  Import took 0.035427 seconds .

========================================================================
Received Import Request.
  Time since last request: 0.000501 seconds.
  path: Assets/InfinitaStudio - Mountains/Prefabs/Fbx/mountain_canyon_01.prefab
  artifactKey: Guid(8d4ad672fe2bd3d45872cc5259ceb393) Importer(815301076,1909f56bfc062723c751e8b465ee728b)
Start importing Assets/InfinitaStudio - Mountains/Prefabs/Fbx/mountain_canyon_01.prefab using Guid(8d4ad672fe2bd3d45872cc5259ceb393) Importer(815301076,1909f56bfc062723c751e8b465ee728b)  -> (artifact id: '20d2cad57440093256c992d7614223d3') in 0.023850 seconds 
  Import took 0.031443 seconds .

========================================================================
Received Import Request.
  Time since last request: 0.000193 seconds.
  path: Assets/Resources/52SpecialEffectPack/Effect/Effect(Shuriken)/FireBall.prefab
  artifactKey: Guid(6ff1350c2a91520479532984ca642474) Importer(815301076,1909f56bfc062723c751e8b465ee728b)
Start importing Assets/Resources/52SpecialEffectPack/Effect/Effect(Shuriken)/FireBall.prefab using Guid(6ff1350c2a91520479532984ca642474) Importer(815301076,1909f56bfc062723c751e8b465ee728b)  -> (artifact id: 'c2c49b493f14c5c4a90a9f6df8ff6d4f') in 0.053586 seconds 
  Import took 0.058167 seconds .

========================================================================
Received Import Request.
  Time since last request: 0.000439 seconds.
  path: Assets/Biomechanical_Mutant/Prefabs/Biomech_Mutant_Skin_2.prefab
  artifactKey: Guid(df4b716990baa80499a4641dbb1c1258) Importer(815301076,1909f56bfc062723c751e8b465ee728b)
Start importing Assets/Biomechanical_Mutant/Prefabs/Biomech_Mutant_Skin_2.prefab using Guid(df4b716990baa80499a4641dbb1c1258) Importer(815301076,1909f56bfc062723c751e8b465ee728b)  -> (artifact id: 'b1e80d87b85b326045badb93330f761e') in 0.176339 seconds 
  Import took 0.183343 seconds .

========================================================================
Received Import Request.
  Time since last request: 0.000522 seconds.
  path: Assets/LowPoly Environment Pack/FBX/Plant_7.fbx
  artifactKey: Guid(1840141b5d3f43e49a5c7980d5c40da4) Importer(815301076,1909f56bfc062723c751e8b465ee728b)
Start importing Assets/LowPoly Environment Pack/FBX/Plant_7.fbx using Guid(1840141b5d3f43e49a5c7980d5c40da4) Importer(815301076,1909f56bfc062723c751e8b465ee728b)  -> (artifact id: '05e81f8cc86c6b3933ad6ad10dc2560b') in 0.035355 seconds 
  Import took 0.039131 seconds .

========================================================================
Received Import Request.
  Time since last request: 0.001437 seconds.
  path: Assets/InfinitaStudio - Mountains/Prefabs/Obj/mountain_canyon_03.prefab
  artifactKey: Guid(3b2f560dc059d4441921a0855afbcc03) Importer(815301076,1909f56bfc062723c751e8b465ee728b)
Start importing Assets/InfinitaStudio - Mountains/Prefabs/Obj/mountain_canyon_03.prefab using Guid(3b2f560dc059d4441921a0855afbcc03) Importer(815301076,1909f56bfc062723c751e8b465ee728b)  -> (artifact id: '7f70cdedaf6c897aad8e81c916dc6690') in 0.024240 seconds 
  Import took 0.029730 seconds .

========================================================================
Received Import Request.
  Time since last request: 0.000594 seconds.
  path: Assets/Resources/52SpecialEffectPack/Effect/Effect(Shuriken)/Kunai5.prefab
  artifactKey: Guid(feb7745303eba0d48b6df0b5c664965d) Importer(815301076,1909f56bfc062723c751e8b465ee728b)
Start importing Assets/Resources/52SpecialEffectPack/Effect/Effect(Shuriken)/Kunai5.prefab using Guid(feb7745303eba0d48b6df0b5c664965d) Importer(815301076,1909f56bfc062723c751e8b465ee728b)  -> (artifact id: '983c2daa784befeb567d0f532425d822') in 0.056846 seconds 
  Import took 0.065994 seconds .

========================================================================
Received Import Request.
  Time since last request: 0.000497 seconds.
  path: Assets/Resources/52SpecialEffectPack/Effect/Effect(Shuriken)/Explode2.prefab
  artifactKey: Guid(bf6ce3cd3c47ff64cb9bcdfc16964bd6) Importer(815301076,1909f56bfc062723c751e8b465ee728b)
Start importing Assets/Resources/52SpecialEffectPack/Effect/Effect(Shuriken)/Explode2.prefab using Guid(bf6ce3cd3c47ff64cb9bcdfc16964bd6) Importer(815301076,1909f56bfc062723c751e8b465ee728b)  -> (artifact id: '930f8632257d10c7307832321b6efff2') in 0.037959 seconds 
  Import took 0.043288 seconds .

========================================================================
Received Import Request.
  Time since last request: 0.000980 seconds.
  path: Assets/Dark UI/Prefabs Panel/Inventory Panel.prefab
  artifactKey: Guid(7b9531949e32e694493f68b06afcf377) Importer(815301076,1909f56bfc062723c751e8b465ee728b)
Start importing Assets/Dark UI/Prefabs Panel/Inventory Panel.prefab using Guid(7b9531949e32e694493f68b06afcf377) Importer(815301076,1909f56bfc062723c751e8b465ee728b)  -> (artifact id: '1550308ff89317b9288169d3b13cf1b5') in 0.017129 seconds 
  Import took 0.023525 seconds .

========================================================================
Received Import Request.
  Time since last request: 0.000224 seconds.
  path: Assets/Dark UI/Prefabs Panel/Lose.prefab
  artifactKey: Guid(4ff6657e846bbad48913cd9657429b20) Importer(815301076,1909f56bfc062723c751e8b465ee728b)
Start importing Assets/Dark UI/Prefabs Panel/Lose.prefab using Guid(4ff6657e846bbad48913cd9657429b20) Importer(815301076,1909f56bfc062723c751e8b465ee728b)  -> (artifact id: 'eff255afc6c3980b356292cd3f73fd25') in 0.022946 seconds 
  Import took 0.027922 seconds .

========================================================================
Received Import Request.
  Time since last request: 0.000214 seconds.
  path: Assets/Resources/52SpecialEffectPack/Effect/Effect(Shuriken)/LaserFire2.prefab
  artifactKey: Guid(e16ef38aa341c8b4d908e6589cde39b6) Importer(815301076,1909f56bfc062723c751e8b465ee728b)
Start importing Assets/Resources/52SpecialEffectPack/Effect/Effect(Shuriken)/LaserFire2.prefab using Guid(e16ef38aa341c8b4d908e6589cde39b6) Importer(815301076,1909f56bfc062723c751e8b465ee728b)  -> (artifact id: '8f39413aa59722289ec81472b0ca0eea') in 0.035515 seconds 
  Import took 0.040048 seconds .

========================================================================
Received Import Request.
  Time since last request: 0.000211 seconds.
  path: Assets/Resources/52SpecialEffectPack/Effect/Effect(Shuriken)/Explode3.prefab
  artifactKey: Guid(ae7c9521250779a428ff1ed3b23c9596) Importer(815301076,1909f56bfc062723c751e8b465ee728b)
Start importing Assets/Resources/52SpecialEffectPack/Effect/Effect(Shuriken)/Explode3.prefab using Guid(ae7c9521250779a428ff1ed3b23c9596) Importer(815301076,1909f56bfc062723c751e8b465ee728b)  -> (artifact id: '3aab3f2904b44c68f63fcaf757905ab8') in 0.026131 seconds 
  Import took 0.030285 seconds .

========================================================================
Received Import Request.
  Time since last request: 0.000254 seconds.
  path: Assets/LowPoly Environment Pack/FBX/Mounting_1.fbx
  artifactKey: Guid(7d626b52dc7a9c24e95f55619a456158) Importer(815301076,1909f56bfc062723c751e8b465ee728b)
Start importing Assets/LowPoly Environment Pack/FBX/Mounting_1.fbx using Guid(7d626b52dc7a9c24e95f55619a456158) Importer(815301076,1909f56bfc062723c751e8b465ee728b)  -> (artifact id: '49830b859e9aa02c5d2b6f3cb910ab84') in 0.040018 seconds 
  Import took 0.047580 seconds .

========================================================================
Received Import Request.
  Time since last request: 0.001164 seconds.
  path: Assets/InfinitaStudio - Mountains/Fbx/mountain_canyon_05.fbx
  artifactKey: Guid(709a65d5b687bf3479d7ab28f3f78d90) Importer(815301076,1909f56bfc062723c751e8b465ee728b)
Start importing Assets/InfinitaStudio - Mountains/Fbx/mountain_canyon_05.fbx using Guid(709a65d5b687bf3479d7ab28f3f78d90) Importer(815301076,1909f56bfc062723c751e8b465ee728b)  -> (artifact id: 'b5d5fdf8fe180fc0c1a6122d6dd1dc3a') in 0.028762 seconds 
  Import took 0.035694 seconds .

========================================================================
Received Import Request.
  Time since last request: 0.000253 seconds.
  path: Assets/LowPoly Environment Pack/FBX/Bush_1.fbx
  artifactKey: Guid(1938cd5cf7941f548b756cdb94a425fb) Importer(815301076,1909f56bfc062723c751e8b465ee728b)
Start importing Assets/LowPoly Environment Pack/FBX/Bush_1.fbx using Guid(1938cd5cf7941f548b756cdb94a425fb) Importer(815301076,1909f56bfc062723c751e8b465ee728b)  -> (artifact id: 'f64da70e63fa632c1ec2d78a7bb0144c') in 0.027857 seconds 
  Import took 0.032698 seconds .

========================================================================
Received Import Request.
  Time since last request: 0.000219 seconds.
  path: Assets/Resources/52SpecialEffectPack/Effect/Effect(Shuriken)/FlameEmission.prefab
  artifactKey: Guid(aeae58bf37a687647adec1a709ea4bd4) Importer(815301076,1909f56bfc062723c751e8b465ee728b)
Start importing Assets/Resources/52SpecialEffectPack/Effect/Effect(Shuriken)/FlameEmission.prefab using Guid(aeae58bf37a687647adec1a709ea4bd4) Importer(815301076,1909f56bfc062723c751e8b465ee728b)  -> (artifact id: '26bd6b1d24580faf86c8a9d1a4a0b5d5') in 0.024404 seconds 
  Import took 0.029812 seconds .

========================================================================
Received Import Request.
  Time since last request: 0.000276 seconds.
  path: Assets/InfinitaStudio - Mountains/Obj/mountain_canyon_05.obj
  artifactKey: Guid(8397403825a204248bad08ac23c8a2aa) Importer(815301076,1909f56bfc062723c751e8b465ee728b)
Start importing Assets/InfinitaStudio - Mountains/Obj/mountain_canyon_05.obj using Guid(8397403825a204248bad08ac23c8a2aa) Importer(815301076,1909f56bfc062723c751e8b465ee728b)  -> (artifact id: '125041fb621184594db9ee6ed6917160') in 0.038671 seconds 
  Import took 0.044497 seconds .

========================================================================
Received Import Request.
  Time since last request: 0.000343 seconds.
  path: Assets/LowPoly Environment Pack/FBX/Mounting_3.fbx
  artifactKey: Guid(492031f9cbc117d419c5271ccc50b76a) Importer(815301076,1909f56bfc062723c751e8b465ee728b)
Start importing Assets/LowPoly Environment Pack/FBX/Mounting_3.fbx using Guid(492031f9cbc117d419c5271ccc50b76a) Importer(815301076,1909f56bfc062723c751e8b465ee728b)  -> (artifact id: 'e5df8fd12d3415633c47944d41499331') in 0.029180 seconds 
  Import took 0.034090 seconds .

========================================================================
Received Import Request.
  Time since last request: 0.000277 seconds.
  path: Assets/LowPoly Environment Pack/FBX/Plant_3.fbx
  artifactKey: Guid(90805fe502fa4b94e9cfc4e1c6d566bb) Importer(815301076,1909f56bfc062723c751e8b465ee728b)
Start importing Assets/LowPoly Environment Pack/FBX/Plant_3.fbx using Guid(90805fe502fa4b94e9cfc4e1c6d566bb) Importer(815301076,1909f56bfc062723c751e8b465ee728b)  -> (artifact id: '40fabe1b6e90b3a8fb2a6219765ed64d') in 0.026861 seconds 
  Import took 0.035035 seconds .

========================================================================
Received Import Request.
  Time since last request: 0.000242 seconds.
  path: Assets/Resources/52SpecialEffectPack/Effect/Effect(Shuriken)/Explode6.prefab
  artifactKey: Guid(738d308a031b2664bb0f9ebcfefb2da9) Importer(815301076,1909f56bfc062723c751e8b465ee728b)
Start importing Assets/Resources/52SpecialEffectPack/Effect/Effect(Shuriken)/Explode6.prefab using Guid(738d308a031b2664bb0f9ebcfefb2da9) Importer(815301076,1909f56bfc062723c751e8b465ee728b)  -> (artifact id: 'beb025a9072d77a1d9124c488adb3470') in 0.038692 seconds 
  Import took 0.044157 seconds .

========================================================================
Received Import Request.
  Time since last request: 0.000209 seconds.
  path: Assets/Resources/52SpecialEffectPack/Effect/Effect(Shuriken)/LightningBall.prefab
  artifactKey: Guid(8bd82d4797b26664c85cbfa5b50a59c1) Importer(815301076,1909f56bfc062723c751e8b465ee728b)
Start importing Assets/Resources/52SpecialEffectPack/Effect/Effect(Shuriken)/LightningBall.prefab using Guid(8bd82d4797b26664c85cbfa5b50a59c1) Importer(815301076,1909f56bfc062723c751e8b465ee728b)  -> (artifact id: '5cd5fee1b959cbf8c41431366c197ce7') in 0.021417 seconds 
  Import took 0.027975 seconds .

========================================================================
Received Import Request.
  Time since last request: 0.000262 seconds.
  path: Assets/LowPoly Environment Pack/FBX/Log_3.fbx
  artifactKey: Guid(afd0b1f883c32e241806a5fdf70cb47a) Importer(815301076,1909f56bfc062723c751e8b465ee728b)
Start importing Assets/LowPoly Environment Pack/FBX/Log_3.fbx using Guid(afd0b1f883c32e241806a5fdf70cb47a) Importer(815301076,1909f56bfc062723c751e8b465ee728b)  -> (artifact id: '206eaa091efc99c9561105a8c29ecc10') in 0.038044 seconds 
  Import took 0.042869 seconds .

========================================================================
Received Import Request.
  Time since last request: 0.000263 seconds.
  path: Assets/Resources/JMO Assets/WarFX/Mesh/Plane1x1.FBX
  artifactKey: Guid(9d0862121c112ec4abc229920df08581) Importer(815301076,1909f56bfc062723c751e8b465ee728b)
Start importing Assets/Resources/JMO Assets/WarFX/Mesh/Plane1x1.FBX using Guid(9d0862121c112ec4abc229920df08581) Importer(815301076,1909f56bfc062723c751e8b465ee728b)  -> (artifact id: 'f0795c79ed29025c4cf2a2c1201e72be') in 0.039404 seconds 
  Import took 0.045132 seconds .

========================================================================
Received Import Request.
  Time since last request: 0.000248 seconds.
  path: Assets/Resources/52SpecialEffectPack/Effect/Effect(Shuriken)/Explode.prefab
  artifactKey: Guid(a905d8e5159ffeb46baa8d2a7624717f) Importer(815301076,1909f56bfc062723c751e8b465ee728b)
Start importing Assets/Resources/52SpecialEffectPack/Effect/Effect(Shuriken)/Explode.prefab using Guid(a905d8e5159ffeb46baa8d2a7624717f) Importer(815301076,1909f56bfc062723c751e8b465ee728b)  -> (artifact id: 'fc75315c19fa3396158175820d188266') in 0.023591 seconds 
  Import took 0.029146 seconds .

========================================================================
Received Import Request.
  Time since last request: 0.000234 seconds.
  path: Assets/Dark UI/Prefabs Buttons/Facebook Button.prefab
  artifactKey: Guid(fe1076d766d39e048a7910acb1181de1) Importer(815301076,1909f56bfc062723c751e8b465ee728b)
Start importing Assets/Dark UI/Prefabs Buttons/Facebook Button.prefab using Guid(fe1076d766d39e048a7910acb1181de1) Importer(815301076,1909f56bfc062723c751e8b465ee728b)  -> (artifact id: '06a68bd0c23b53554239b4e2dbfb0b77') in 0.015095 seconds 
  Import took 0.019933 seconds .

========================================================================
Received Import Request.
  Time since last request: 0.000197 seconds.
  path: Assets/Resources/52SpecialEffectPack/Effect/Effect(Shuriken)/Explode10.prefab
  artifactKey: Guid(4d69b7855b5ece04ab7c1a97402996fa) Importer(815301076,1909f56bfc062723c751e8b465ee728b)
Start importing Assets/Resources/52SpecialEffectPack/Effect/Effect(Shuriken)/Explode10.prefab using Guid(4d69b7855b5ece04ab7c1a97402996fa) Importer(815301076,1909f56bfc062723c751e8b465ee728b)  -> (artifact id: '4bcb483ca5aeb790d425a96b0c1d538e') in 0.069267 seconds 
  Import took 0.073029 seconds .

========================================================================
Received Import Request.
  Time since last request: 0.000244 seconds.
  path: Assets/LowPoly Environment Pack/FBX/Bush_2.fbx
  artifactKey: Guid(87ad1332cfca6934ea307ce26bfc9dec) Importer(815301076,1909f56bfc062723c751e8b465ee728b)
Start importing Assets/LowPoly Environment Pack/FBX/Bush_2.fbx using Guid(87ad1332cfca6934ea307ce26bfc9dec) Importer(815301076,1909f56bfc062723c751e8b465ee728b)  -> (artifact id: 'fcd80b2c981049adb4478a25d6e43800') in 0.040588 seconds 
  Import took 0.047209 seconds .

========================================================================
Received Import Request.
  Time since last request: 0.000321 seconds.
  path: Assets/Resources/52SpecialEffectPack/Effect/Effect(Shuriken)/Explode4.prefab
  artifactKey: Guid(c0a15d884e5e7a9468ab38bba8a32604) Importer(815301076,1909f56bfc062723c751e8b465ee728b)
Start importing Assets/Resources/52SpecialEffectPack/Effect/Effect(Shuriken)/Explode4.prefab using Guid(c0a15d884e5e7a9468ab38bba8a32604) Importer(815301076,1909f56bfc062723c751e8b465ee728b)  -> (artifact id: '3d434230beb47d770916949c6959b61e') in 0.050049 seconds 
  Import took 0.057599 seconds .

========================================================================
Received Import Request.
  Time since last request: 0.000822 seconds.
  path: Assets/Resources/52SpecialEffectPack/Effect/Effect(Shuriken)/ElementalArrow.prefab
  artifactKey: Guid(45cba24a6a5389a4ab385f65964c554a) Importer(815301076,1909f56bfc062723c751e8b465ee728b)
Start importing Assets/Resources/52SpecialEffectPack/Effect/Effect(Shuriken)/ElementalArrow.prefab using Guid(45cba24a6a5389a4ab385f65964c554a) Importer(815301076,1909f56bfc062723c751e8b465ee728b)  -> (artifact id: '10c8fdeddf39a7fcecd4a02727099d02') in 0.032175 seconds 
  Import took 0.036655 seconds .

========================================================================
Received Import Request.
  Time since last request: 0.000230 seconds.
  path: Assets/LowPoly Environment Pack/FBX/Mounting_2.fbx
  artifactKey: Guid(bf8d317df722d644f99e8ff3926c99d9) Importer(815301076,1909f56bfc062723c751e8b465ee728b)
Start importing Assets/LowPoly Environment Pack/FBX/Mounting_2.fbx using Guid(bf8d317df722d644f99e8ff3926c99d9) Importer(815301076,1909f56bfc062723c751e8b465ee728b)  -> (artifact id: '35d7827ac2da14b6e03e7b55c42abe6d') in 0.034051 seconds 
  Import took 0.038161 seconds .

========================================================================
Received Import Request.
  Time since last request: 0.000220 seconds.
  path: Assets/Resources/JMO Assets/WarFX/Mesh/CirclePlane12v.FBX
  artifactKey: Guid(3d152f67f64ca4e4a8b6fd7697f7bf25) Importer(815301076,1909f56bfc062723c751e8b465ee728b)
Start importing Assets/Resources/JMO Assets/WarFX/Mesh/CirclePlane12v.FBX using Guid(3d152f67f64ca4e4a8b6fd7697f7bf25) Importer(815301076,1909f56bfc062723c751e8b465ee728b)  -> (artifact id: '7294f0ed8c644d8802b25dedb4f0e2a1') in 0.034728 seconds 
  Import took 0.038692 seconds .

========================================================================
Received Import Request.
  Time since last request: 0.000236 seconds.
  path: Assets/LowPoly Environment Pack/FBX/Bush_3.fbx
  artifactKey: Guid(1e7949aa66587e540b15b43c6b92a25d) Importer(815301076,1909f56bfc062723c751e8b465ee728b)
Start importing Assets/LowPoly Environment Pack/FBX/Bush_3.fbx using Guid(1e7949aa66587e540b15b43c6b92a25d) Importer(815301076,1909f56bfc062723c751e8b465ee728b)  -> (artifact id: '4b8aaaa102c199ccb6d3d557c41b6b79') in 0.030141 seconds 
  Import took 0.036838 seconds .

========================================================================
Received Import Request.
  Time since last request: 1.638900 seconds.
  path: Assets/Resources/Animation/LemurianMove/RunForwardRM.anim
  artifactKey: Guid(88c5c161649dfad449cb899c63e926ad) Importer(815301076,1909f56bfc062723c751e8b465ee728b)
Start importing Assets/Resources/Animation/LemurianMove/RunForwardRM.anim using Guid(88c5c161649dfad449cb899c63e926ad) Importer(815301076,1909f56bfc062723c751e8b465ee728b)  -> (artifact id: 'd344c1b77452c7ee73ef71d422c6f233') in 0.013372 seconds 
  Import took 0.015976 seconds .

========================================================================
Received Import Request.
  Time since last request: 71.052072 seconds.
  path: Assets/Resources/Animation/mdlLemurian/LemurianArm_Idle, Additive Loop.anim
  artifactKey: Guid(c7db0af1992e3a24f8276cc43dedec32) Importer(815301076,1909f56bfc062723c751e8b465ee728b)
Start importing Assets/Resources/Animation/mdlLemurian/LemurianArm_Idle, Additive Loop.anim using Guid(c7db0af1992e3a24f8276cc43dedec32) Importer(815301076,1909f56bfc062723c751e8b465ee728b)  -> (artifact id: '110bdbff3b59138c114693f8194eb147') in 0.013173 seconds 
  Import took 0.017403 seconds .

========================================================================
Received Import Request.
  Time since last request: 27.437058 seconds.
  path: Assets/Resources/Animation/LemurianMove/dditive Loop.anim
  artifactKey: Guid(c7db0af1992e3a24f8276cc43dedec32) Importer(815301076,1909f56bfc062723c751e8b465ee728b)
Start importing Assets/Resources/Animation/LemurianMove/dditive Loop.anim using Guid(c7db0af1992e3a24f8276cc43dedec32) Importer(815301076,1909f56bfc062723c751e8b465ee728b)  -> (artifact id: '9b20d17adcc47626415b6dccd10d8518') in 0.011179 seconds 
  Import took 0.013927 seconds .

========================================================================
Received Import Request.
  Time since last request: 4.831643 seconds.
  path: Assets/Resources/Animation/LemurianMove/idel.anim
  artifactKey: Guid(c7db0af1992e3a24f8276cc43dedec32) Importer(815301076,1909f56bfc062723c751e8b465ee728b)
Start importing Assets/Resources/Animation/LemurianMove/idel.anim using Guid(c7db0af1992e3a24f8276cc43dedec32) Importer(815301076,1909f56bfc062723c751e8b465ee728b)  -> (artifact id: '044d05525d72538111c3c8d87db0e4bf') in 0.014709 seconds 
  Import took 0.018652 seconds .

========================================================================
Received Import Request.
  Time since last request: 197.268516 seconds.
  path: Assets/Resources/Animation/mdlLemurian/LemurianArm_Death2.anim
  artifactKey: Guid(0a76cc148ff0de746af4d6062820aa10) Importer(815301076,1909f56bfc062723c751e8b465ee728b)
Start importing Assets/Resources/Animation/mdlLemurian/LemurianArm_Death2.anim using Guid(0a76cc148ff0de746af4d6062820aa10) Importer(815301076,1909f56bfc062723c751e8b465ee728b)  -> (artifact id: '17449f552e63adeef35c2b1cd9e23362') in 0.022001 seconds 
  Import took 0.026533 seconds .

========================================================================
Received Import Request.
  Time since last request: 13.073940 seconds.
  path: Assets/Resources/Animation/LemurianMove/Death.anim
  artifactKey: Guid(0a76cc148ff0de746af4d6062820aa10) Importer(815301076,1909f56bfc062723c751e8b465ee728b)
Start importing Assets/Resources/Animation/LemurianMove/Death.anim using Guid(0a76cc148ff0de746af4d6062820aa10) Importer(815301076,1909f56bfc062723c751e8b465ee728b)  -> (artifact id: 'c5000c02111902a66e6d3343cfdf130d') in 0.015995 seconds 
  Import took 0.019641 seconds .

========================================================================
Received Import Request.
  Time since last request: 20.353541 seconds.
  path: Assets/Resources/Animater/Enemy/Lemurian/LemurianMove.controller
  artifactKey: Guid(3c424fd1a397379429c4d34faabbad1c) Importer(815301076,1909f56bfc062723c751e8b465ee728b)
Start importing Assets/Resources/Animater/Enemy/Lemurian/LemurianMove.controller using Guid(3c424fd1a397379429c4d34faabbad1c) Importer(815301076,1909f56bfc062723c751e8b465ee728b)  -> (artifact id: 'd1db271af955cbceee2f51da2727da7d') in 0.065669 seconds 
  Import took 0.069919 seconds .

========================================================================
Received Import Request.
  Time since last request: 105.327177 seconds.
  path: Assets/Resources/Animation/BeetleMove
  artifactKey: Guid(4168b6b9c17f8ae4f88b4ab27d084408) Importer(815301076,1909f56bfc062723c751e8b465ee728b)
Start importing Assets/Resources/Animation/BeetleMove using Guid(4168b6b9c17f8ae4f88b4ab27d084408) Importer(815301076,1909f56bfc062723c751e8b465ee728b)  -> (artifact id: '03535860009a51a256ff7d9adb060647') in 0.009321 seconds 
  Import took 0.012195 seconds .

========================================================================
Received Import Request.
  Time since last request: 12.884055 seconds.
  path: Assets/rock_01/NewLayer.terrainlayer
  artifactKey: Guid(952169ce012ebf54c862e49279cef2f7) Importer(815301076,1909f56bfc062723c751e8b465ee728b)
Start importing Assets/rock_01/NewLayer.terrainlayer using Guid(952169ce012ebf54c862e49279cef2f7) Importer(815301076,1909f56bfc062723c751e8b465ee728b)  -> (artifact id: '218c93ce541215efd72e6c8a5c62075f') in 0.043983 seconds 
  Import took 0.046941 seconds .

========================================================================
Received Import Request.
  Time since last request: 0.000287 seconds.
  path: Assets/rock_01/rock_01_spec.tga
  artifactKey: Guid(b19a6df8780af77468f23753b5b17340) Importer(815301076,1909f56bfc062723c751e8b465ee728b)
Start importing Assets/rock_01/rock_01_spec.tga using Guid(b19a6df8780af77468f23753b5b17340) Importer(815301076,1909f56bfc062723c751e8b465ee728b)  -> (artifact id: '9175a07dd9c671f858ad307c561b31e2') in 0.071750 seconds 
  Import took 0.074665 seconds .

========================================================================
Received Import Request.
  Time since last request: 0.000285 seconds.
  path: Assets/rock_01/rock_01_ao.tga
  artifactKey: Guid(4b3e816f4fd143041bfd381dc6a12f2f) Importer(815301076,1909f56bfc062723c751e8b465ee728b)
Start importing Assets/rock_01/rock_01_ao.tga using Guid(4b3e816f4fd143041bfd381dc6a12f2f) Importer(815301076,1909f56bfc062723c751e8b465ee728b)  -> (artifact id: 'a8fd94eddbf4063125fed4e6b170028c') in 0.057830 seconds 
  Import took 0.060514 seconds .

========================================================================
Received Import Request.
  Time since last request: 0.000260 seconds.
  path: Assets/rock_01/rock_01_dif.tga
  artifactKey: Guid(a170b06388a656c4f90ecdf0f17ab23e) Importer(815301076,1909f56bfc062723c751e8b465ee728b)
Start importing Assets/rock_01/rock_01_dif.tga using Guid(a170b06388a656c4f90ecdf0f17ab23e) Importer(815301076,1909f56bfc062723c751e8b465ee728b)  -> (artifact id: 'fa2ef7d501f9438d137dc2e660c4e9bc') in 0.021336 seconds 
  Import took 0.023868 seconds .

========================================================================
Received Import Request.
  Time since last request: 0.000248 seconds.
  path: Assets/rock_01/rock_01_nm.tga
  artifactKey: Guid(c7197270cf828fe4e9b52d7e978a5582) Importer(815301076,1909f56bfc062723c751e8b465ee728b)
Start importing Assets/rock_01/rock_01_nm.tga using Guid(c7197270cf828fe4e9b52d7e978a5582) Importer(815301076,1909f56bfc062723c751e8b465ee728b)  -> (artifact id: '85b3a671389dee795bd684703de37751') in 0.043035 seconds 
  Import took 0.046414 seconds .

========================================================================
Received Import Request.
  Time since last request: 0.000234 seconds.
  path: Assets/rock_01/rock_01_hm.tga
  artifactKey: Guid(9e2f9c9f29d1a0842b144eba1f61b736) Importer(815301076,1909f56bfc062723c751e8b465ee728b)
Start importing Assets/rock_01/rock_01_hm.tga using Guid(9e2f9c9f29d1a0842b144eba1f61b736) Importer(815301076,1909f56bfc062723c751e8b465ee728b)  -> (artifact id: '2cb62a433a0dcdec879703f35e23a92c') in 0.037304 seconds 
  Import took 0.039978 seconds .

========================================================================
Received Import Request.
  Time since last request: 0.000247 seconds.
  path: Assets/rock_01/rock_01.mat
  artifactKey: Guid(c8bfd1cfda4aa4a48ad75d920a9948c9) Importer(815301076,1909f56bfc062723c751e8b465ee728b)
Start importing Assets/rock_01/rock_01.mat using Guid(c8bfd1cfda4aa4a48ad75d920a9948c9) Importer(815301076,1909f56bfc062723c751e8b465ee728b)  -> (artifact id: 'dde41bdfc4eecd5acc7f0ae252dda7e4') in 0.136786 seconds 
  Import took 0.140014 seconds .

========================================================================
Received Import Request.
  Time since last request: 3.486166 seconds.
  path: Assets/Resources/Script/EnemyMovement
  artifactKey: Guid(7d742f3751e5fd54c9a6bbf42262ec82) Importer(815301076,1909f56bfc062723c751e8b465ee728b)
Start importing Assets/Resources/Script/EnemyMovement using Guid(7d742f3751e5fd54c9a6bbf42262ec82) Importer(815301076,1909f56bfc062723c751e8b465ee728b)  -> (artifact id: '9692e6695b6c6a073adbba9d4ba0cbb0') in 0.028016 seconds 
  Import took 0.030775 seconds .

========================================================================
Received Import Request.
  Time since last request: 19.999782 seconds.
  path: Assets/Resources/Prefab/Lemurian.prefab
  artifactKey: Guid(4c2f79e10b23fee4ea7c9c3b4e1a06b5) Importer(815301076,1909f56bfc062723c751e8b465ee728b)
Start importing Assets/Resources/Prefab/Lemurian.prefab using Guid(4c2f79e10b23fee4ea7c9c3b4e1a06b5) Importer(815301076,1909f56bfc062723c751e8b465ee728b) Asset 'LemurianMove': Transition 'idel -> RunForwardRM' in state 'idel' doesn't have an Exit Time or any condition, transition will be ignored
UnityEngine.StackTraceUtility:ExtractStackTrace ()
UnityEditor.EditorUtility:Internal_InstantiateRemoveAllNonAnimationComponentsSingle (UnityEngine.Object,UnityEngine.Vector3,UnityEngine.Quaternion)
UnityEditor.EditorUtility:InstantiateRemoveAllNonAnimationComponents (UnityEngine.Object,UnityEngine.Vector3,UnityEngine.Quaternion)
UnityEditor.EditorUtility:InstantiateForAnimatorPreview (UnityEngine.Object)
UnityEditor.GameObjectInspector/PreviewData:UpdateGameObject (UnityEngine.Object)
UnityEditor.GameObjectInspector/PreviewData:.ctor (UnityEngine.Object)
UnityEditor.GameObjectInspector:GetPreviewData ()
UnityEditor.GameObjectInspector:RenderStaticPreview (string,UnityEngine.Object[],int,int)
UnityEditor.AssetPreviewUpdater:CreatePreviewForAsset (UnityEngine.Object,UnityEngine.Object[],string)

[C:\buildslave\unity\build\Editor/Src/Animation/StateMachine.cpp line 1847]

 -> (artifact id: 'e63827d5872def5bdaff5747dddda804') in 0.089138 seconds 
  Import took 0.093976 seconds .

========================================================================
Received Import Request.
  Time since last request: 3.020884 seconds.
  path: Assets/Resources/Prefab/Lemurian.prefab
  artifactKey: Guid(4c2f79e10b23fee4ea7c9c3b4e1a06b5) Importer(815301076,1909f56bfc062723c751e8b465ee728b)
Start importing Assets/Resources/Prefab/Lemurian.prefab using Guid(4c2f79e10b23fee4ea7c9c3b4e1a06b5) Importer(815301076,1909f56bfc062723c751e8b465ee728b) Asset 'LemurianMove': Transition 'idel -> RunForwardRM' in state 'idel' doesn't have an Exit Time or any condition, transition will be ignored
UnityEngine.StackTraceUtility:ExtractStackTrace ()
UnityEditor.EditorUtility:Internal_InstantiateRemoveAllNonAnimationComponentsSingle (UnityEngine.Object,UnityEngine.Vector3,UnityEngine.Quaternion)
UnityEditor.EditorUtility:InstantiateRemoveAllNonAnimationComponents (UnityEngine.Object,UnityEngine.Vector3,UnityEngine.Quaternion)
UnityEditor.EditorUtility:InstantiateForAnimatorPreview (UnityEngine.Object)
UnityEditor.GameObjectInspector/PreviewData:UpdateGameObject (UnityEngine.Object)
UnityEditor.GameObjectInspector/PreviewData:.ctor (UnityEngine.Object)
UnityEditor.GameObjectInspector:GetPreviewData ()
UnityEditor.GameObjectInspector:RenderStaticPreview (string,UnityEngine.Object[],int,int)
UnityEditor.AssetPreviewUpdater:CreatePreviewForAsset (UnityEngine.Object,UnityEngine.Object[],string)

[C:\buildslave\unity\build\Editor/Src/Animation/StateMachine.cpp line 1847]

 -> (artifact id: '6a2ff3830e822a5d0a22d81e582e3cbc') in 0.079471 seconds 
  Import took 0.083957 seconds .

========================================================================
Received Import Request.
  Time since last request: 23.242096 seconds.
  path: Assets/Resources/Prefab/Lemurian.prefab
  artifactKey: Guid(4c2f79e10b23fee4ea7c9c3b4e1a06b5) Importer(815301076,1909f56bfc062723c751e8b465ee728b)
Start importing Assets/Resources/Prefab/Lemurian.prefab using Guid(4c2f79e10b23fee4ea7c9c3b4e1a06b5) Importer(815301076,1909f56bfc062723c751e8b465ee728b) Asset 'LemurianMove': Transition 'idel -> RunForwardRM' in state 'idel' doesn't have an Exit Time or any condition, transition will be ignored
UnityEngine.StackTraceUtility:ExtractStackTrace ()
UnityEditor.EditorUtility:Internal_InstantiateRemoveAllNonAnimationComponentsSingle (UnityEngine.Object,UnityEngine.Vector3,UnityEngine.Quaternion)
UnityEditor.EditorUtility:InstantiateRemoveAllNonAnimationComponents (UnityEngine.Object,UnityEngine.Vector3,UnityEngine.Quaternion)
UnityEditor.EditorUtility:InstantiateForAnimatorPreview (UnityEngine.Object)
UnityEditor.GameObjectInspector/PreviewData:UpdateGameObject (UnityEngine.Object)
UnityEditor.GameObjectInspector/PreviewData:.ctor (UnityEngine.Object)
UnityEditor.GameObjectInspector:GetPreviewData ()
UnityEditor.GameObjectInspector:RenderStaticPreview (string,UnityEngine.Object[],int,int)
UnityEditor.AssetPreviewUpdater:CreatePreviewForAsset (UnityEngine.Object,UnityEngine.Object[],string)

[C:\buildslave\unity\build\Editor/Src/Animation/StateMachine.cpp line 1847]

 -> (artifact id: '752b8523821a71d4740bd6dce60f745b') in 0.076288 seconds 
  Import took 0.080222 seconds .

========================================================================
Received Import Request.
  Time since last request: 5.197065 seconds.
  path: Assets/Resources/Prefab/Lemurian.prefab
  artifactKey: Guid(4c2f79e10b23fee4ea7c9c3b4e1a06b5) Importer(815301076,1909f56bfc062723c751e8b465ee728b)
Start importing Assets/Resources/Prefab/Lemurian.prefab using Guid(4c2f79e10b23fee4ea7c9c3b4e1a06b5) Importer(815301076,1909f56bfc062723c751e8b465ee728b) Asset 'LemurianMove': Transition 'idel -> RunForwardRM' in state 'idel' doesn't have an Exit Time or any condition, transition will be ignored
UnityEngine.StackTraceUtility:ExtractStackTrace ()
UnityEditor.EditorUtility:Internal_InstantiateRemoveAllNonAnimationComponentsSingle (UnityEngine.Object,UnityEngine.Vector3,UnityEngine.Quaternion)
UnityEditor.EditorUtility:InstantiateRemoveAllNonAnimationComponents (UnityEngine.Object,UnityEngine.Vector3,UnityEngine.Quaternion)
UnityEditor.EditorUtility:InstantiateForAnimatorPreview (UnityEngine.Object)
UnityEditor.GameObjectInspector/PreviewData:UpdateGameObject (UnityEngine.Object)
UnityEditor.GameObjectInspector/PreviewData:.ctor (UnityEngine.Object)
UnityEditor.GameObjectInspector:GetPreviewData ()
UnityEditor.GameObjectInspector:RenderStaticPreview (string,UnityEngine.Object[],int,int)
UnityEditor.AssetPreviewUpdater:CreatePreviewForAsset (UnityEngine.Object,UnityEngine.Object[],string)

[C:\buildslave\unity\build\Editor/Src/Animation/StateMachine.cpp line 1847]

 -> (artifact id: 'ba38a908ed2baae4d905f522b93991cd') in 0.074642 seconds 
  Import took 0.078956 seconds .

========================================================================
Received Import Request.
  Time since last request: 14.707697 seconds.
  path: Assets/Resources/Script/GameManager.cs
  artifactKey: Guid(66213ba12af87494cab6b42c30bc708b) Importer(815301076,1909f56bfc062723c751e8b465ee728b)
Start importing Assets/Resources/Script/GameManager.cs using Guid(66213ba12af87494cab6b42c30bc708b) Importer(815301076,1909f56bfc062723c751e8b465ee728b)  -> (artifact id: '90440761fff7b7f171d4271b47759f1e') in 0.021426 seconds 
  Import took 0.024326 seconds .

========================================================================
Received Prepare
Registering precompiled user dll's ...
Registered in 0.004089 seconds.
Begin MonoManager ReloadAssembly
Native extension for WindowsStandalone target not found
Refreshing native plugins compatible for Editor in 0.47 ms, found 2 plugins.
Preloading 0 native plugins for Editor in 0.00 ms.
Mono: successfully reloaded assembly
- Completed reload, in  1.029 seconds
Domain Reload Profiling:
	ReloadAssembly (1030ms)
		BeginReloadAssembly (114ms)
			ExecutionOrderSort (0ms)
			DisableScriptedObjects (4ms)
			BackupInstance (0ms)
			ReleaseScriptingObjects (0ms)
			CreateAndSetChildDomain (33ms)
		EndReloadAssembly (853ms)
			LoadAssemblies (82ms)
			RebuildTransferFunctionScriptingTraits (0ms)
			SetupTypeCache (324ms)
			ReleaseScriptCaches (1ms)
			RebuildScriptCaches (37ms)
			SetupLoadedEditorAssemblies (291ms)
				LogAssemblyErrors (0ms)
				InitializePlatformSupportModulesInManaged (4ms)
				SetLoadedEditorAssemblies (0ms)
				RefreshPlugins (1ms)
				BeforeProcessingInitializeOnLoad (73ms)
				ProcessInitializeOnLoadAttributes (196ms)
				ProcessInitializeOnLoadMethodAttributes (10ms)
				AfterProcessingInitializeOnLoad (6ms)
				EditorAssembliesLoaded (0ms)
			ExecutionOrderSort2 (0ms)
			AwakeInstancesAfterBackupRestoration (7ms)
Platform modules already initialized, skipping
Shader 'WFX/Transparent Specular': fallback shader 'Particles/Alpha Blended' not found
Shader 'WFX/Transparent Diffuse': fallback shader 'Particles/Alpha Blended' not found
Refreshing native plugins compatible for Editor in 0.44 ms, found 2 plugins.
Preloading 0 native plugins for Editor in 0.00 ms.
Unloading 1526 Unused Serialized files (Serialized files now loaded: 0)
System memory in use before: 108.3 MB.
System memory in use after: 108.4 MB.

Unloading 20 unused Assets to reduce memory usage. Loaded Objects now: 2073.
Total: 2.761600 ms (FindLiveObjects: 0.145000 ms CreateObjectMapping: 0.047900 ms MarkObjects: 2.481000 ms  DeleteObjects: 0.086600 ms)

AssetImportParameters requested are different than current active one (requested -> active):
  custom:framework-win-MediaFoundation: 216162199b28c13a410421893ffa2e32 -> 
  custom:video-decoder-ogg-theora: a1e56fd34408186e4bbccfd4996cb3dc -> 
  custom:container-muxer-webm: aa71ff27fc2769a1b78a27578f13a17b -> 
  custom:container-demuxer-webm: 4f35f7cbe854078d1ac9338744f61a02 -> 
  custom:container-demuxer-ogg: 62fdf1f143b41e24485cea50d1cbac27 -> 
  custom:video-encoder-webm-vp8: eb34c28f22e8b96e1ab97ce403110664 -> 
  custom:video-decoder-webm-vp8: 9c59270c3fd7afecdb556c50c9e8de78 -> 
  custom:audio-decoder-ogg-vorbis: bf7c407c2cedff20999df2af8eb42d56 -> 
  custom:audio-encoder-webm-vorbis: bf7c407c2cedff20999df2af8eb42d56 -> 
========================================================================
Received Prepare
Registering precompiled user dll's ...
Registered in 0.006814 seconds.
Begin MonoManager ReloadAssembly
Native extension for WindowsStandalone target not found
Refreshing native plugins compatible for Editor in 0.45 ms, found 2 plugins.
Preloading 0 native plugins for Editor in 0.00 ms.
Mono: successfully reloaded assembly
- Completed reload, in  1.078 seconds
Domain Reload Profiling:
	ReloadAssembly (1078ms)
		BeginReloadAssembly (110ms)
			ExecutionOrderSort (0ms)
			DisableScriptedObjects (5ms)
			BackupInstance (0ms)
			ReleaseScriptingObjects (0ms)
			CreateAndSetChildDomain (33ms)
		EndReloadAssembly (904ms)
			LoadAssemblies (92ms)
			RebuildTransferFunctionScriptingTraits (0ms)
			SetupTypeCache (378ms)
			ReleaseScriptCaches (1ms)
			RebuildScriptCaches (37ms)
			SetupLoadedEditorAssemblies (288ms)
				LogAssemblyErrors (0ms)
				InitializePlatformSupportModulesInManaged (5ms)
				SetLoadedEditorAssemblies (0ms)
				RefreshPlugins (1ms)
				BeforeProcessingInitializeOnLoad (73ms)
				ProcessInitializeOnLoadAttributes (193ms)
				ProcessInitializeOnLoadMethodAttributes (9ms)
				AfterProcessingInitializeOnLoad (7ms)
				EditorAssembliesLoaded (0ms)
			ExecutionOrderSort2 (0ms)
			AwakeInstancesAfterBackupRestoration (6ms)
Platform modules already initialized, skipping
Shader 'WFX/Transparent Specular': fallback shader 'Particles/Alpha Blended' not found
Shader 'WFX/Transparent Diffuse': fallback shader 'Particles/Alpha Blended' not found
Refreshing native plugins compatible for Editor in 0.44 ms, found 2 plugins.
Preloading 0 native plugins for Editor in 0.00 ms.
Unloading 1526 Unused Serialized files (Serialized files now loaded: 0)
System memory in use before: 108.3 MB.
System memory in use after: 108.4 MB.

Unloading 14 unused Assets to reduce memory usage. Loaded Objects now: 2075.
Total: 2.813300 ms (FindLiveObjects: 0.209000 ms CreateObjectMapping: 0.074000 ms MarkObjects: 2.489300 ms  DeleteObjects: 0.039800 ms)

AssetImportParameters requested are different than current active one (requested -> active):
  custom:framework-win-MediaFoundation: 216162199b28c13a410421893ffa2e32 -> 
  custom:video-decoder-ogg-theora: a1e56fd34408186e4bbccfd4996cb3dc -> 
  custom:container-muxer-webm: aa71ff27fc2769a1b78a27578f13a17b -> 
  custom:container-demuxer-webm: 4f35f7cbe854078d1ac9338744f61a02 -> 
  custom:container-demuxer-ogg: 62fdf1f143b41e24485cea50d1cbac27 -> 
  custom:video-encoder-webm-vp8: eb34c28f22e8b96e1ab97ce403110664 -> 
  custom:video-decoder-webm-vp8: 9c59270c3fd7afecdb556c50c9e8de78 -> 
  custom:audio-decoder-ogg-vorbis: bf7c407c2cedff20999df2af8eb42d56 -> 
  custom:audio-encoder-webm-vorbis: bf7c407c2cedff20999df2af8eb42d56 -> 
========================================================================
Received Import Request.
  Time since last request: 144.629620 seconds.
  path: Assets/Resources/Animation/BeetleMove/Beetle.controller
  artifactKey: Guid(c34d1b1c79dc90144bac440de8744813) Importer(815301076,1909f56bfc062723c751e8b465ee728b)
Start importing Assets/Resources/Animation/BeetleMove/Beetle.controller using Guid(c34d1b1c79dc90144bac440de8744813) Importer(815301076,1909f56bfc062723c751e8b465ee728b)  -> (artifact id: '898d193bcf707e3dd6371fbaf8c71cce') in 0.035380 seconds 
  Import took 0.038407 seconds .

========================================================================
Received Import Request.
  Time since last request: 21.137860 seconds.
  path: Assets/Resources/Animation/GolemMove
  artifactKey: Guid(4a26b50b804650d4693ed60fce322fa1) Importer(815301076,1909f56bfc062723c751e8b465ee728b)
Start importing Assets/Resources/Animation/GolemMove using Guid(4a26b50b804650d4693ed60fce322fa1) Importer(815301076,1909f56bfc062723c751e8b465ee728b)  -> (artifact id: 'e6e739fd7e2a561ebbaeb874e959a3ac') in 0.008427 seconds 
  Import took 0.014776 seconds .

========================================================================
Received Import Request.
  Time since last request: 1156.101506 seconds.
  path: Assets/Resources/Animation/mdlBeetle/BeetleArmature_Death.anim
  artifactKey: Guid(7b4d6be0cf21e964aaae1c869cfd56ed) Importer(815301076,1909f56bfc062723c751e8b465ee728b)
Start importing Assets/Resources/Animation/mdlBeetle/BeetleArmature_Death.anim using Guid(7b4d6be0cf21e964aaae1c869cfd56ed) Importer(815301076,1909f56bfc062723c751e8b465ee728b)  -> (artifact id: '2901ab3987f0938d9f246432d9c0e948') in 0.023855 seconds 
  Import took 0.029290 seconds .

========================================================================
Received Import Request.
  Time since last request: 14.426734 seconds.
  path: Assets/Resources/Animation/mdlBeetle/BeetleArmature_Idle, Single.anim
  artifactKey: Guid(c13165e28482a8d418efe38a49b2df88) Importer(815301076,1909f56bfc062723c751e8b465ee728b)
Start importing Assets/Resources/Animation/mdlBeetle/BeetleArmature_Idle, Single.anim using Guid(c13165e28482a8d418efe38a49b2df88) Importer(815301076,1909f56bfc062723c751e8b465ee728b)  -> (artifact id: 'ffb14fea7895abe93b3116438dbde39c') in 0.014973 seconds 
  Import took 0.020278 seconds .

========================================================================
Received Import Request.
  Time since last request: 11.360608 seconds.
  path: Assets/Resources/Animation/mdlBeetle/BeetleArmature_RunForwardRM.anim
  artifactKey: Guid(865a2e7d55f3fad438c0ff87f0bbb82a) Importer(815301076,1909f56bfc062723c751e8b465ee728b)
Start importing Assets/Resources/Animation/mdlBeetle/BeetleArmature_RunForwardRM.anim using Guid(865a2e7d55f3fad438c0ff87f0bbb82a) Importer(815301076,1909f56bfc062723c751e8b465ee728b)  -> (artifact id: '1d2cbf358f447646fc6d68688780c0ed') in 0.021190 seconds 
  Import took 0.026329 seconds .

========================================================================
Received Import Request.
  Time since last request: 6.834595 seconds.
  path: Assets/Resources/Animation/mdlBeetle/BeetleArmature_Spawn1.anim
  artifactKey: Guid(dfe7b5820716b524cb3974100af36e7f) Importer(815301076,1909f56bfc062723c751e8b465ee728b)
Start importing Assets/Resources/Animation/mdlBeetle/BeetleArmature_Spawn1.anim using Guid(dfe7b5820716b524cb3974100af36e7f) Importer(815301076,1909f56bfc062723c751e8b465ee728b)  -> (artifact id: 'ae8a368cec9ca803f21c1562bf09bcc9') in 0.024897 seconds 
  Import took 0.028080 seconds .

AssetImportWorkerClient::OnTransportError - code=2 error=End of file
